

Microchip Technology PIC18 LITE Macro Assembler V1.42 build -159332390 
                                                                                               Sun Aug 13 18:20:37 2017

Microchip Technology Omniscient Code Generator v1.42 (Free mode) build 201704130522
     1                           	processor	18F4550
     2                           	fnconf	rparam,??,?,0
     3                           	opt	pw 120
     4                           	opt	lm
     5                           	psect	cinit,global,reloc=2,class=CODE,delta=1
     6                           	psect	cstackCOMRAM,global,class=COMRAM,space=1,delta=1,noexec
     7                           	psect	text0,global,reloc=2,class=CODE,delta=1
     8                           	psect	text1,global,reloc=2,class=CODE,delta=1
     9                           	psect	intsave_regs,global,class=BIGRAM,space=1,delta=1,noexec
    10                           	psect	rparam,global,class=COMRAM,space=1,delta=1,noexec
    11  0000                     
    12                           ; Version 1.42
    13                           ; Generated 13/04/2017 GMT
    14                           ; 
    15                           ; Copyright © 2017, Microchip Technology Inc. and its subsidiaries ("Microchip")
    16                           ; All rights reserved.
    17                           ; 
    18                           ; This software is developed by Microchip Technology Inc. and its subsidiaries ("Microch
      +                          ip").
    19                           ; 
    20                           ; Redistribution and use in source and binary forms, with or without modification, are
    21                           ; permitted provided that the following conditions are met:
    22                           ; 
    23                           ;     1. Redistributions of source code must retain the above copyright notice, this lis
      +                          t of
    24                           ;        conditions and the following disclaimer.
    25                           ; 
    26                           ;     2. Redistributions in binary form must reproduce the above copyright notice, this 
      +                          list
    27                           ;        of conditions and the following disclaimer in the documentation and/or other
    28                           ;        materials provided with the distribution.
    29                           ; 
    30                           ;     3. Microchip's name may not be used to endorse or promote products derived from th
      +                          is
    31                           ;        software without specific prior written permission.
    32                           ; 
    33                           ; THIS SOFTWARE IS PROVIDED BY MICROCHIP "AS IS" AND ANY EXPRESS OR IMPLIED WARRANTIES,
    34                           ; INCLUDING, BUT NOT LIMITED TO, THE IMPLIED WARRANTIES OF MERCHANTABILITY AND FITNESS F
      +                          OR
    35                           ; PURPOSE ARE DISCLAIMED.  IN NO EVENT SHALL MICROCHIP BE LIABLE FOR ANY DIRECT, INDIREC
      +                          T,
    36                           ; INCIDENTAL, SPECIAL, EXEMPLARY, OR CONSEQUENTIAL DAMAGES (INCLUDING BUT NOT LIMITED TO
    37                           ; PROCUREMENT OF SUBSTITUTE GOODS OR SERVICES; LOSS OF USE, DATA OR PROFITS; OR BUSINESS
    38                           ; INTERRUPTION) HOWSOEVER CAUSED AND ON ANY THEORY OF LIABILITY, WHETHER IN CONTRACT, ST
      +                          RICT
    39                           ; LIABILITY, OR TORT (INCLUDING NEGLIGENCE OR OTHERWISE) ARISING IN ANY WAY OUT OF THE U
      +                          SE OF
    40                           ; THIS SOFTWARE, EVEN IF ADVISED OF THE POSSIBILITY OF SUCH DAMAGE.
    41                           ; 
    42                           ; 
    43                           ; Code-generator required, PIC18F4550 Definitions
    44                           ; 
    45                           ; SFR Addresses
    46  0000                     _T0CON	set	4053
    47  0000                     _TMR0H	set	4055
    48  0000                     _TMR0L	set	4054
    49  0000                     _INTCONbits	set	4082
    50  0000                     _LATBbits	set	3978
    51  0000                     _PORTB	set	3969
    52  0000                     _TRISB	set	3987
    53                           
    54                           ; #config settings
    55  0000                     
    56                           	psect	cinit
    57  007F94                     __pcinit:
    58                           	opt stack 0
    59  007F94                     start_initialization:
    60                           	opt stack 0
    61  007F94                     __initialization:
    62                           	opt stack 0
    63  007F94                     end_of_initialization:
    64                           	opt stack 0
    65  007F94                     __end_of__initialization:
    66                           	opt stack 0
    67  007F94  0100               	movlb	0
    68  007F96  EFD4  F03F         	goto	_main	;jump to C main() function
    69                           
    70                           	psect	cstackCOMRAM
    71  000001                     __pcstackCOMRAM:
    72                           	opt stack 0
    73  000001                     ??_main:
    74                           
    75                           ; 1 bytes @ 0x0
    76  000001                     	ds	1
    77  000002                     main@contador:
    78                           	opt stack 0
    79                           
    80                           ; 2 bytes @ 0x1
    81  000002                     	ds	2
    82                           
    83 ;;
    84 ;;Main: autosize = 0, tempsize = 1, incstack = 0, save=0
    85 ;;
    86 ;; *************** function _main *****************
    87 ;; Defined at:
    88 ;;		line 26 in file "timer016bits.c"
    89 ;; Parameters:    Size  Location     Type
    90 ;;		None
    91 ;; Auto vars:     Size  Location     Type
    92 ;;  contador        2    1[COMRAM] int 
    93 ;; Return value:  Size  Location     Type
    94 ;;                  1    wreg      void 
    95 ;; Registers used:
    96 ;;		wreg, status,2, status,0, cstack
    97 ;; Tracked objects:
    98 ;;		On entry : 0/0
    99 ;;		On exit  : 0/0
   100 ;;		Unchanged: 0/0
   101 ;; Data sizes:     COMRAM   BANK0   BANK1   BANK2   BANK3   BANK4   BANK5   BANK6   BANK7
   102 ;;      Params:         0       0       0       0       0       0       0       0       0
   103 ;;      Locals:         2       0       0       0       0       0       0       0       0
   104 ;;      Temps:          1       0       0       0       0       0       0       0       0
   105 ;;      Totals:         3       0       0       0       0       0       0       0       0
   106 ;;Total ram usage:        3 bytes
   107 ;; Hardware stack levels required when called:    1
   108 ;; This function calls:
   109 ;;		_timer0_conf
   110 ;; This function is called by:
   111 ;;		Startup code after reset
   112 ;; This function uses a non-reentrant model
   113 ;;
   114                           
   115                           	psect	text0
   116  007FA8                     __ptext0:
   117                           	opt stack 0
   118  007FA8                     _main:
   119                           	opt stack 30
   120                           
   121                           ;timer016bits.c: 27: TRISB = 0;
   122                           
   123                           ;incstack = 0
   124  007FA8  0E00               	movlw	0
   125  007FAA  6E93               	movwf	3987,c	;volatile
   126                           
   127                           ;timer016bits.c: 28: PORTB = 0;
   128  007FAC  0E00               	movlw	0
   129  007FAE  6E81               	movwf	3969,c	;volatile
   130                           
   131                           ;timer016bits.c: 29: timer0_conf();
   132  007FB0  ECCD  F03F         	call	_timer0_conf	;wreg free
   133                           
   134                           ;timer016bits.c: 30: int contador = 0;
   135  007FB4  0E00               	movlw	0
   136  007FB6  6E03               	movwf	main@contador+1,c
   137  007FB8  0E00               	movlw	0
   138  007FBA  6E02               	movwf	main@contador,c
   139                           
   140                           ;timer016bits.c: 31: LATBbits.LATB0 = 0;
   141  007FBC  908A               	bcf	3978,0,c	;volatile
   142  007FBE                     l661:
   143                           
   144                           ;timer016bits.c: 33: if(INTCONbits.TMR0IF){
   145  007FBE  A4F2               	btfss	intcon,2,c	;volatile
   146  007FC0  D7FE               	goto	l661
   147                           
   148                           ;timer016bits.c: 34: TMR0L = 0x44;
   149  007FC2  0E44               	movlw	68
   150  007FC4  6ED6               	movwf	4054,c	;volatile
   151                           
   152                           ;timer016bits.c: 35: TMR0H = 0x48;
   153  007FC6  0E48               	movlw	72
   154  007FC8  6ED7               	movwf	4055,c	;volatile
   155                           
   156                           ;timer016bits.c: 36: contador++;
   157  007FCA  4A02               	infsnz	main@contador,f,c
   158  007FCC  2A03               	incf	main@contador+1,f,c
   159                           
   160                           ;timer016bits.c: 37: INTCONbits.TMR0IF = 0;
   161  007FCE  94F2               	bcf	intcon,2,c	;volatile
   162                           
   163                           ;timer016bits.c: 38: if(contador >= 2 ){
   164  007FD0  BE03               	btfsc	main@contador+1,7,c
   165  007FD2  D7F5               	goto	l661
   166  007FD4  5003               	movf	main@contador+1,w,c
   167  007FD6  E104               	bnz	u20
   168  007FD8  0E02               	movlw	2
   169  007FDA  5C02               	subwf	main@contador,w,c
   170  007FDC  A0D8               	btfss	status,0,c
   171  007FDE  D7EF               	goto	l661
   172  007FE0                     u20:
   173                           
   174                           ;timer016bits.c: 39: LATBbits.LATB0 = !LATBbits.LATB0;
   175  007FE0  B08A               	btfsc	3978,0,c	;volatile
   176  007FE2  D003               	goto	u30
   177  007FE4  6A01               	clrf	??_main& (0+255),c
   178  007FE6  2A01               	incf	??_main& (0+255),f,c
   179  007FE8  D001               	goto	u48
   180  007FEA                     u30:
   181  007FEA  6A01               	clrf	??_main& (0+255),c
   182  007FEC                     u48:
   183  007FEC  508A               	movf	3978,w,c	;volatile
   184  007FEE  1801               	xorwf	??_main,w,c
   185  007FF0  0BFE               	andlw	-2
   186  007FF2  1801               	xorwf	??_main,w,c
   187  007FF4  6E8A               	movwf	3978,c	;volatile
   188                           
   189                           ;timer016bits.c: 40: contador = 0;
   190  007FF6  0E00               	movlw	0
   191  007FF8  6E03               	movwf	main@contador+1,c
   192  007FFA  0E00               	movlw	0
   193  007FFC  6E02               	movwf	main@contador,c
   194  007FFE  D7DF               	goto	l661
   195  008000                     __end_of_main:
   196                           	opt stack 0
   197                           intcon	equ	0xFF2
   198                           status	equ	0xFD8
   199                           
   200 ;; *************** function _timer0_conf *****************
   201 ;; Defined at:
   202 ;;		line 50 in file "timer016bits.c"
   203 ;; Parameters:    Size  Location     Type
   204 ;;		None
   205 ;; Auto vars:     Size  Location     Type
   206 ;;		None
   207 ;; Return value:  Size  Location     Type
   208 ;;                  1    wreg      void 
   209 ;; Registers used:
   210 ;;		wreg, status,2
   211 ;; Tracked objects:
   212 ;;		On entry : 0/0
   213 ;;		On exit  : 0/0
   214 ;;		Unchanged: 0/0
   215 ;; Data sizes:     COMRAM   BANK0   BANK1   BANK2   BANK3   BANK4   BANK5   BANK6   BANK7
   216 ;;      Params:         0       0       0       0       0       0       0       0       0
   217 ;;      Locals:         0       0       0       0       0       0       0       0       0
   218 ;;      Temps:          0       0       0       0       0       0       0       0       0
   219 ;;      Totals:         0       0       0       0       0       0       0       0       0
   220 ;;Total ram usage:        0 bytes
   221 ;; Hardware stack levels used:    1
   222 ;; This function calls:
   223 ;;		Nothing
   224 ;; This function is called by:
   225 ;;		_main
   226 ;; This function uses a non-reentrant model
   227 ;;
   228                           
   229                           	psect	text1
   230  007F9A                     __ptext1:
   231                           	opt stack 0
   232  007F9A                     _timer0_conf:
   233                           	opt stack 30
   234                           
   235                           ;timer016bits.c: 52: T0CON = 0b10000111;
   236                           
   237                           ;incstack = 0
   238  007F9A  0E87               	movlw	135
   239  007F9C  6ED5               	movwf	4053,c	;volatile
   240                           
   241                           ;timer016bits.c: 53: TMR0L = 0x44;
   242  007F9E  0E44               	movlw	68
   243  007FA0  6ED6               	movwf	4054,c	;volatile
   244                           
   245                           ;timer016bits.c: 54: TMR0H = 0x48;
   246  007FA2  0E48               	movlw	72
   247  007FA4  6ED7               	movwf	4055,c	;volatile
   248  007FA6  0012               	return		;funcret
   249  007FA8                     __end_of_timer0_conf:
   250                           	opt stack 0
   251  0000                     intcon	equ	0xFF2
   252                           status	equ	0xFD8
   253                           intcon	equ	0xFF2
   254                           status	equ	0xFD8
   255                           
   256                           	psect	rparam
   257  0000                     intcon	equ	0xFF2
   258                           status	equ	0xFD8


Data Sizes:
    Strings     0
    Constant    0
    Data        0
    BSS         0
    Persistent  0
    Stack       0

Auto Spaces:
    Space          Size  Autos    Used
    COMRAM           95      3       3
    BANK0           160      0       0
    BANK1           256      0       0
    BANK2           256      0       0
    BANK3           256      0       0
    BANK4           256      0       0
    BANK5           256      0       0
    BANK6           256      0       0
    BANK7           256      0       0

Pointer List with Targets:

    None.

Critical Paths under _main in COMRAM

    None.

Critical Paths under _main in BANK0

    None.

Critical Paths under _main in BANK1

    None.

Critical Paths under _main in BANK2

    None.

Critical Paths under _main in BANK3

    None.

Critical Paths under _main in BANK4

    None.

Critical Paths under _main in BANK5

    None.

Critical Paths under _main in BANK6

    None.

Critical Paths under _main in BANK7

    None.

Call Graph Tables:

 ---------------------------------------------------------------------------------
 (Depth) Function   	        Calls       Base Space   Used Autos Params    Refs
 ---------------------------------------------------------------------------------
 (0) _main                                                 3     3      0      15
                                              0 COMRAM     3     3      0
                        _timer0_conf
 ---------------------------------------------------------------------------------
 (1) _timer0_conf                                          0     0      0       0
 ---------------------------------------------------------------------------------
 Estimated maximum stack depth 1
 ---------------------------------------------------------------------------------

 Call Graph Graphs:

 _main (ROOT)
   _timer0_conf

 Address spaces:
Name               Size   Autos  Total    Cost      Usage
BITCOMRAM           5F      0       0       0        0.0%
EEDATA             100      0       0       0        0.0%
NULL                 0      0       0       0        0.0%
CODE                 0      0       0       0        0.0%
COMRAM              5F      3       3       1        3.2%
STACK                0      0       0       2        0.0%
DATA                 0      0       0       3        0.0%
BITBANK0            A0      0       0       4        0.0%
BANK0               A0      0       0       5        0.0%
BITBANK1           100      0       0       6        0.0%
BANK1              100      0       0       7        0.0%
BITBANK2           100      0       0       8        0.0%
BANK2              100      0       0       9        0.0%
BITBANK3           100      0       0      10        0.0%
BANK3              100      0       0      11        0.0%
BITBANK4           100      0       0      12        0.0%
BANK4              100      0       0      13        0.0%
BITBANK5           100      0       0      14        0.0%
BANK5              100      0       0      15        0.0%
BITBANK6           100      0       0      16        0.0%
BANK6              100      0       0      17        0.0%
BITBANK7           100      0       0      18        0.0%
BANK7              100      0       0      19        0.0%
ABS                  0      0       0      20        0.0%
BIGRAM             7FF      0       0      21        0.0%
BITSFR               0      0       0     200        0.0%
SFR                  0      0       0     200        0.0%


Microchip Technology PIC18 Macro Assembler V1.42 build -159332390 
Symbol Table                                                                                   Sun Aug 13 18:20:37 2017

                     u20 7FE0                       u30 7FEA                       u48 7FEC  
                    l661 7FBE                     _main 7FA8                     start 0000  
          __CFG_IESO$OFF 000000             ___param_bank 000000            __CFG_PLLDIV$5 000000  
           main@contador 0002                    ?_main 0001                    _T0CON 000FD5  
                  _TMR0H 000FD7                    _TMR0L 000FD6                    _PORTB 000F81  
                  _TRISB 000F93                    status 000FD8           __CFG_MCLRE$OFF 000000  
        __initialization 7F94             __end_of_main 8000                   ??_main 0001  
          __activetblptr 000000             ?_timer0_conf 0001               __accesstop 0060  
__end_of__initialization 7F94            ___rparam_used 000001           __pcstackCOMRAM 0001  
                __Hparam 0000                  __Lparam 0000                  __pcinit 7F94  
                __ramtop 0800     __size_of_timer0_conf 000E                  __ptext0 7FA8  
                __ptext1 7F9A     end_of_initialization 7F94      start_initialization 7F94  
               _LATBbits 000F8A            ??_timer0_conf 0001                 __Hrparam 0000  
               __Lrparam 0000      __end_of_timer0_conf 7FA8            __size_of_main 0058  
  __CFG_CPUDIV$OSC1_PLL2 000000               _INTCONbits 000FF2              _timer0_conf 7F9A  
     __CFG_FOSC$HSPLL_HS 000000  
