

Microchip Technology PIC18 LITE Macro Assembler V1.42 build -159332390 
                                                                                               Thu Aug 24 18:15:08 2017

Microchip Technology Omniscient Code Generator v1.42 (Free mode) build 201704130522
     1                           	processor	18F4550
     2                           	fnconf	rparam,??,?,0
     3                           	opt	pw 120
     4                           	opt	lm
     5                           	psect	cinit,global,reloc=2,class=CODE,delta=1
     6                           	psect	cstackCOMRAM,global,class=COMRAM,space=1,delta=1,noexec
     7                           	psect	text0,global,reloc=2,class=CODE,delta=1
     8                           	psect	text1,global,reloc=2,class=CODE,delta=1
     9                           	psect	intsave_regs,global,class=BIGRAM,space=1,delta=1,noexec
    10                           	psect	rparam,global,class=COMRAM,space=1,delta=1,noexec
    11  0000                     
    12                           ; Version 1.42
    13                           ; Generated 13/04/2017 GMT
    14                           ; 
    15                           ; Copyright © 2017, Microchip Technology Inc. and its subsidiaries ("Microchip")
    16                           ; All rights reserved.
    17                           ; 
    18                           ; This software is developed by Microchip Technology Inc. and its subsidiaries ("Microch
      +                          ip").
    19                           ; 
    20                           ; Redistribution and use in source and binary forms, with or without modification, are
    21                           ; permitted provided that the following conditions are met:
    22                           ; 
    23                           ;     1. Redistributions of source code must retain the above copyright notice, this lis
      +                          t of
    24                           ;        conditions and the following disclaimer.
    25                           ; 
    26                           ;     2. Redistributions in binary form must reproduce the above copyright notice, this 
      +                          list
    27                           ;        of conditions and the following disclaimer in the documentation and/or other
    28                           ;        materials provided with the distribution.
    29                           ; 
    30                           ;     3. Microchip's name may not be used to endorse or promote products derived from th
      +                          is
    31                           ;        software without specific prior written permission.
    32                           ; 
    33                           ; THIS SOFTWARE IS PROVIDED BY MICROCHIP "AS IS" AND ANY EXPRESS OR IMPLIED WARRANTIES,
    34                           ; INCLUDING, BUT NOT LIMITED TO, THE IMPLIED WARRANTIES OF MERCHANTABILITY AND FITNESS F
      +                          OR
    35                           ; PURPOSE ARE DISCLAIMED.  IN NO EVENT SHALL MICROCHIP BE LIABLE FOR ANY DIRECT, INDIREC
      +                          T,
    36                           ; INCIDENTAL, SPECIAL, EXEMPLARY, OR CONSEQUENTIAL DAMAGES (INCLUDING BUT NOT LIMITED TO
    37                           ; PROCUREMENT OF SUBSTITUTE GOODS OR SERVICES; LOSS OF USE, DATA OR PROFITS; OR BUSINESS
    38                           ; INTERRUPTION) HOWSOEVER CAUSED AND ON ANY THEORY OF LIABILITY, WHETHER IN CONTRACT, ST
      +                          RICT
    39                           ; LIABILITY, OR TORT (INCLUDING NEGLIGENCE OR OTHERWISE) ARISING IN ANY WAY OUT OF THE U
      +                          SE OF
    40                           ; THIS SOFTWARE, EVEN IF ADVISED OF THE POSSIBILITY OF SUCH DAMAGE.
    41                           ; 
    42                           ; 
    43                           ; Code-generator required, PIC18F4550 Definitions
    44                           ; 
    45                           ; SFR Addresses
    46  0000                     _TMR0	set	4054
    47  0000                     _LATBbits	set	3978
    48  0000                     _TMR1H	set	4047
    49  0000                     _TMR1L	set	4046
    50  0000                     _T1CON	set	4045
    51  0000                     _T0CON	set	4053
    52  0000                     _LATB	set	3978
    53  0000                     _TRISB	set	3987
    54  0000                     _TMR1IF	set	31984
    55  0000                     _TMR0IF	set	32658
    56                           
    57                           ; #config settings
    58  0000                     
    59                           	psect	cinit
    60  007F44                     __pcinit:
    61                           	opt stack 0
    62  007F44                     start_initialization:
    63                           	opt stack 0
    64  007F44                     __initialization:
    65                           	opt stack 0
    66  007F44                     end_of_initialization:
    67                           	opt stack 0
    68  007F44                     __end_of__initialization:
    69                           	opt stack 0
    70  007F44  0100               	movlb	0
    71  007F46  EFB7  F03F         	goto	_main	;jump to C main() function
    72                           
    73                           	psect	cstackCOMRAM
    74  000001                     __pcstackCOMRAM:
    75                           	opt stack 0
    76  000001                     ??_main:
    77                           
    78                           ; 1 bytes @ 0x0
    79  000001                     	ds	1
    80  000002                     main@contador1:
    81                           	opt stack 0
    82                           
    83                           ; 2 bytes @ 0x1
    84  000002                     	ds	2
    85  000004                     main@contador2:
    86                           	opt stack 0
    87                           
    88                           ; 2 bytes @ 0x3
    89  000004                     	ds	2
    90                           
    91 ;;
    92 ;;Main: autosize = 0, tempsize = 1, incstack = 0, save=0
    93 ;;
    94 ;; *************** function _main *****************
    95 ;; Defined at:
    96 ;;		line 104 in file "p7_timer0y1.c"
    97 ;; Parameters:    Size  Location     Type
    98 ;;		None
    99 ;; Auto vars:     Size  Location     Type
   100 ;;  contador2       2    3[COMRAM] int 
   101 ;;  contador1       2    1[COMRAM] int 
   102 ;; Return value:  Size  Location     Type
   103 ;;                  1    wreg      void 
   104 ;; Registers used:
   105 ;;		wreg, status,2, status,0, cstack
   106 ;; Tracked objects:
   107 ;;		On entry : 0/0
   108 ;;		On exit  : 0/0
   109 ;;		Unchanged: 0/0
   110 ;; Data sizes:     COMRAM   BANK0   BANK1   BANK2   BANK3   BANK4   BANK5   BANK6   BANK7
   111 ;;      Params:         0       0       0       0       0       0       0       0       0
   112 ;;      Locals:         4       0       0       0       0       0       0       0       0
   113 ;;      Temps:          1       0       0       0       0       0       0       0       0
   114 ;;      Totals:         5       0       0       0       0       0       0       0       0
   115 ;;Total ram usage:        5 bytes
   116 ;; Hardware stack levels required when called:    1
   117 ;; This function calls:
   118 ;;		_ConfigInit
   119 ;; This function is called by:
   120 ;;		Startup code after reset
   121 ;; This function uses a non-reentrant model
   122 ;;
   123                           
   124                           	psect	text0
   125  007F6E                     __ptext0:
   126                           	opt stack 0
   127  007F6E                     _main:
   128                           	opt stack 30
   129                           
   130                           ;p7_timer0y1.c: 105: ConfigInit();
   131                           
   132                           ;incstack = 0
   133  007F6E  ECA5  F03F         	call	_ConfigInit	;wreg free
   134                           
   135                           ;p7_timer0y1.c: 106: int contador1 = 0;
   136  007F72  0E00               	movlw	0
   137  007F74  6E03               	movwf	main@contador1+1,c
   138  007F76  0E00               	movlw	0
   139  007F78  6E02               	movwf	main@contador1,c
   140  007F7A  D03D               	goto	l695
   141  007F7C                     l667:
   142                           
   143                           ;p7_timer0y1.c: 109: if(TMR1IF){
   144  007F7C  A09E               	btfss	3998,0,c	;volatile
   145  007F7E  D01E               	goto	l683
   146                           
   147                           ;p7_timer0y1.c: 110: TMR1IF = 0;
   148  007F80  909E               	bcf	3998,0,c	;volatile
   149                           
   150                           ;p7_timer0y1.c: 111: contador1++;
   151  007F82  4A02               	infsnz	main@contador1,f,c
   152  007F84  2A03               	incf	main@contador1+1,f,c
   153                           
   154                           ;p7_timer0y1.c: 112: TMR1L = 0x24;
   155  007F86  0E24               	movlw	36
   156  007F88  6ECE               	movwf	4046,c	;volatile
   157                           
   158                           ;p7_timer0y1.c: 113: TMR1H = 0xFA;
   159  007F8A  0EFA               	movlw	250
   160  007F8C  6ECF               	movwf	4047,c	;volatile
   161                           
   162                           ;p7_timer0y1.c: 114: if(contador1 >= 100){
   163  007F8E  BE03               	btfsc	main@contador1+1,7,c
   164  007F90  D015               	goto	l683
   165  007F92  5003               	movf	main@contador1+1,w,c
   166  007F94  E104               	bnz	u20
   167  007F96  0E64               	movlw	100
   168  007F98  5C02               	subwf	main@contador1,w,c
   169  007F9A  A0D8               	btfss	status,0,c
   170  007F9C  D00F               	goto	l683
   171  007F9E                     u20:
   172                           
   173                           ;p7_timer0y1.c: 115: LATBbits.LATB0 =! LATBbits.LATB0;
   174  007F9E  B08A               	btfsc	3978,0,c	;volatile
   175  007FA0  D003               	goto	u30
   176  007FA2  6A01               	clrf	??_main& (0+255),c
   177  007FA4  2A01               	incf	??_main& (0+255),f,c
   178  007FA6  D001               	goto	u48
   179  007FA8                     u30:
   180  007FA8  6A01               	clrf	??_main& (0+255),c
   181  007FAA                     u48:
   182  007FAA  508A               	movf	3978,w,c	;volatile
   183  007FAC  1801               	xorwf	??_main,w,c
   184  007FAE  0BFE               	andlw	-2
   185  007FB0  1801               	xorwf	??_main,w,c
   186  007FB2  6E8A               	movwf	3978,c	;volatile
   187                           
   188                           ;p7_timer0y1.c: 116: contador1 = 0;
   189  007FB4  0E00               	movlw	0
   190  007FB6  6E03               	movwf	main@contador1+1,c
   191  007FB8  0E00               	movlw	0
   192  007FBA  6E02               	movwf	main@contador1,c
   193  007FBC                     l683:
   194                           
   195                           ;p7_timer0y1.c: 117: }
   196                           ;p7_timer0y1.c: 118: }
   197                           ;p7_timer0y1.c: 119: if(TMR0IF){
   198  007FBC  A4F2               	btfss	intcon,2,c	;volatile
   199  007FBE  D7DE               	goto	l667
   200                           
   201                           ;p7_timer0y1.c: 120: contador2++;
   202  007FC0  4A04               	infsnz	main@contador2,f,c
   203  007FC2  2A05               	incf	main@contador2+1,f,c
   204                           
   205                           ;p7_timer0y1.c: 121: TMR0IF = 0;
   206  007FC4  94F2               	bcf	intcon,2,c	;volatile
   207                           
   208                           ;p7_timer0y1.c: 122: TMR0 = 68;
   209  007FC6  0E00               	movlw	0
   210  007FC8  6ED7               	movwf	4055,c	;volatile
   211  007FCA  0E44               	movlw	68
   212  007FCC  6ED6               	movwf	4054,c	;volatile
   213                           
   214                           ;p7_timer0y1.c: 123: if(contador2 >= 200){
   215  007FCE  BE05               	btfsc	main@contador2+1,7,c
   216  007FD0  D7D5               	goto	l667
   217  007FD2  5005               	movf	main@contador2+1,w,c
   218  007FD4  E104               	bnz	u60
   219  007FD6  0EC8               	movlw	200
   220  007FD8  5C04               	subwf	main@contador2,w,c
   221  007FDA  A0D8               	btfss	status,0,c
   222  007FDC  D7CF               	goto	l667
   223  007FDE                     u60:
   224                           
   225                           ;p7_timer0y1.c: 124: LATBbits.LATB1 =! LATBbits.LATB1;
   226  007FDE  B28A               	btfsc	3978,1,c	;volatile
   227  007FE0  D003               	goto	u70
   228  007FE2  6A01               	clrf	??_main& (0+255),c
   229  007FE4  2A01               	incf	??_main& (0+255),f,c
   230  007FE6  D001               	goto	u88
   231  007FE8                     u70:
   232  007FE8  6A01               	clrf	??_main& (0+255),c
   233  007FEA                     u88:
   234  007FEA  4601               	rlncf	??_main,f,c
   235  007FEC  508A               	movf	3978,w,c	;volatile
   236  007FEE  1801               	xorwf	??_main,w,c
   237  007FF0  0BFD               	andlw	-3
   238  007FF2  1801               	xorwf	??_main,w,c
   239  007FF4  6E8A               	movwf	3978,c	;volatile
   240  007FF6                     l695:
   241                           
   242                           ;p7_timer0y1.c: 125: contador2 = 0;
   243  007FF6  0E00               	movlw	0
   244  007FF8  6E05               	movwf	main@contador2+1,c
   245  007FFA  0E00               	movlw	0
   246  007FFC  6E04               	movwf	main@contador2,c
   247  007FFE  D7BE               	goto	l667
   248  008000                     __end_of_main:
   249                           	opt stack 0
   250                           intcon	equ	0xFF2
   251                           status	equ	0xFD8
   252                           
   253 ;; *************** function _ConfigInit *****************
   254 ;; Defined at:
   255 ;;		line 81 in file "p7_timer0y1.c"
   256 ;; Parameters:    Size  Location     Type
   257 ;;		None
   258 ;; Auto vars:     Size  Location     Type
   259 ;;		None
   260 ;; Return value:  Size  Location     Type
   261 ;;                  1    wreg      void 
   262 ;; Registers used:
   263 ;;		wreg, status,2
   264 ;; Tracked objects:
   265 ;;		On entry : 0/0
   266 ;;		On exit  : 0/0
   267 ;;		Unchanged: 0/0
   268 ;; Data sizes:     COMRAM   BANK0   BANK1   BANK2   BANK3   BANK4   BANK5   BANK6   BANK7
   269 ;;      Params:         0       0       0       0       0       0       0       0       0
   270 ;;      Locals:         0       0       0       0       0       0       0       0       0
   271 ;;      Temps:          0       0       0       0       0       0       0       0       0
   272 ;;      Totals:         0       0       0       0       0       0       0       0       0
   273 ;;Total ram usage:        0 bytes
   274 ;; Hardware stack levels used:    1
   275 ;; This function calls:
   276 ;;		Nothing
   277 ;; This function is called by:
   278 ;;		_main
   279 ;; This function uses a non-reentrant model
   280 ;;
   281                           
   282                           	psect	text1
   283  007F4A                     __ptext1:
   284                           	opt stack 0
   285  007F4A                     _ConfigInit:
   286                           	opt stack 30
   287                           
   288                           ;p7_timer0y1.c: 84: TRISB = 0;
   289                           
   290                           ;incstack = 0
   291  007F4A  0E00               	movlw	0
   292  007F4C  6E93               	movwf	3987,c	;volatile
   293                           
   294                           ;p7_timer0y1.c: 85: LATB = 0;
   295  007F4E  0E00               	movlw	0
   296  007F50  6E8A               	movwf	3978,c	;volatile
   297                           
   298                           ;p7_timer0y1.c: 88: T0CON = 0b11000101;
   299  007F52  0EC5               	movlw	197
   300  007F54  6ED5               	movwf	4053,c	;volatile
   301                           
   302                           ;p7_timer0y1.c: 89: TMR0 = 68;
   303  007F56  0E00               	movlw	0
   304  007F58  6ED7               	movwf	4055,c	;volatile
   305  007F5A  0E44               	movlw	68
   306  007F5C  6ED6               	movwf	4054,c	;volatile
   307                           
   308                           ;p7_timer0y1.c: 90: TMR0IF = 0;
   309  007F5E  94F2               	bcf	intcon,2,c	;volatile
   310                           
   311                           ;p7_timer0y1.c: 93: T1CON = 0b10111001;
   312  007F60  0EB9               	movlw	185
   313  007F62  6ECD               	movwf	4045,c	;volatile
   314                           
   315                           ;p7_timer0y1.c: 94: TMR1L = 0x24;
   316  007F64  0E24               	movlw	36
   317  007F66  6ECE               	movwf	4046,c	;volatile
   318                           
   319                           ;p7_timer0y1.c: 95: TMR1H = 0xFA;
   320  007F68  0EFA               	movlw	250
   321  007F6A  6ECF               	movwf	4047,c	;volatile
   322  007F6C  0012               	return		;funcret
   323  007F6E                     __end_of_ConfigInit:
   324                           	opt stack 0
   325  0000                     intcon	equ	0xFF2
   326                           status	equ	0xFD8
   327                           intcon	equ	0xFF2
   328                           status	equ	0xFD8
   329                           
   330                           	psect	rparam
   331  0000                     intcon	equ	0xFF2
   332                           status	equ	0xFD8


Data Sizes:
    Strings     0
    Constant    0
    Data        0
    BSS         0
    Persistent  0
    Stack       0

Auto Spaces:
    Space          Size  Autos    Used
    COMRAM           95      5       5
    BANK0           160      0       0
    BANK1           256      0       0
    BANK2           256      0       0
    BANK3           256      0       0
    BANK4           256      0       0
    BANK5           256      0       0
    BANK6           256      0       0
    BANK7           256      0       0

Pointer List with Targets:

    None.

Critical Paths under _main in COMRAM

    None.

Critical Paths under _main in BANK0

    None.

Critical Paths under _main in BANK1

    None.

Critical Paths under _main in BANK2

    None.

Critical Paths under _main in BANK3

    None.

Critical Paths under _main in BANK4

    None.

Critical Paths under _main in BANK5

    None.

Critical Paths under _main in BANK6

    None.

Critical Paths under _main in BANK7

    None.

Call Graph Tables:

 ---------------------------------------------------------------------------------
 (Depth) Function   	        Calls       Base Space   Used Autos Params    Refs
 ---------------------------------------------------------------------------------
 (0) _main                                                 5     5      0      30
                                              0 COMRAM     5     5      0
                         _ConfigInit
 ---------------------------------------------------------------------------------
 (1) _ConfigInit                                           0     0      0       0
 ---------------------------------------------------------------------------------
 Estimated maximum stack depth 1
 ---------------------------------------------------------------------------------

 Call Graph Graphs:

 _main (ROOT)
   _ConfigInit

 Address spaces:
Name               Size   Autos  Total    Cost      Usage
BITCOMRAM           5F      0       0       0        0.0%
EEDATA             100      0       0       0        0.0%
NULL                 0      0       0       0        0.0%
CODE                 0      0       0       0        0.0%
COMRAM              5F      5       5       1        5.3%
STACK                0      0       0       2        0.0%
DATA                 0      0       0       3        0.0%
BITBANK0            A0      0       0       4        0.0%
BANK0               A0      0       0       5        0.0%
BITBANK1           100      0       0       6        0.0%
BANK1              100      0       0       7        0.0%
BITBANK2           100      0       0       8        0.0%
BANK2              100      0       0       9        0.0%
BITBANK3           100      0       0      10        0.0%
BANK3              100      0       0      11        0.0%
BITBANK4           100      0       0      12        0.0%
BANK4              100      0       0      13        0.0%
BITBANK5           100      0       0      14        0.0%
BANK5              100      0       0      15        0.0%
BITBANK6           100      0       0      16        0.0%
BANK6              100      0       0      17        0.0%
BITBANK7           100      0       0      18        0.0%
BANK7              100      0       0      19        0.0%
ABS                  0      0       0      20        0.0%
BIGRAM             7FF      0       0      21        0.0%
BITSFR               0      0       0     200        0.0%
SFR                  0      0       0     200        0.0%


Microchip Technology PIC18 Macro Assembler V1.42 build -159332390 
Symbol Table                                                                                   Thu Aug 24 18:15:08 2017

                     u20 7F9E                       u30 7FA8                       u60 7FDE  
                     u70 7FE8                       u48 7FAA                       u88 7FEA  
            __CFG_BOR$ON 000000              __CFG_BORV$3 000000             __CFG_CP0$OFF 000000  
           __CFG_CP1$OFF 000000             __CFG_CP2$OFF 000000             __CFG_CP3$OFF 000000  
            __CFG_LVP$ON 000000              __CFG_WDT$ON 000000                      l683 7FBC  
                    l667 7F7C                      l695 7FF6             __CFG_CPB$OFF 000000  
           __CFG_CPD$OFF 000000                     _LATB 000F8A                     _TMR0 000FD6  
                   _main 7F6E                     start 0000            __CFG_IESO$OFF 000000  
           ___param_bank 000000            __CFG_PLLDIV$5 000000           __CFG_CCP2MX$ON 000000  
                  ?_main 0001                    _T0CON 000FD5                    _T1CON 000FCD  
             _ConfigInit 7F4A                    _TMR1H 000FCF                    _TMR1L 000FCE  
          __CFG_USBDIV$1 000000                    _TRISB 000F93            __CFG_PWRT$OFF 000000  
          __CFG_WRT0$OFF 000000            __CFG_WRT1$OFF 000000            __CFG_WRT2$OFF 000000  
          __CFG_WRT3$OFF 000000           __CFG_EBTR0$OFF 000000           __CFG_FCMEN$OFF 000000  
         __CFG_EBTR1$OFF 000000           __CFG_EBTR2$OFF 000000           __CFG_EBTR3$OFF 000000  
          __CFG_WRTB$OFF 000000            __CFG_WRTC$OFF 000000            __CFG_WRTD$OFF 000000  
         __CFG_EBTRB$OFF 000000                    status 000FD8           __CFG_ICPRT$OFF 000000  
         __CFG_PBADEN$ON 000000           __CFG_MCLRE$OFF 000000          __initialization 7F44  
           __end_of_main 8000                   ??_main 0001            __activetblptr 000000  
          main@contador1 0002            main@contador2 0004                   _TMR0IF 007F92  
                 _TMR1IF 007CF0           __CFG_XINST$OFF 000000           __CFG_STVREN$ON 000000  
            ?_ConfigInit 0001               __accesstop 0060  __end_of__initialization 7F44  
          ___rparam_used 000001           __pcstackCOMRAM 0001      __size_of_ConfigInit 0024  
        __CFG_VREGEN$OFF 000000                  __Hparam 0000                  __Lparam 0000  
                __pcinit 7F44                  __ramtop 0800                  __ptext0 7F6E  
                __ptext1 7F4A     end_of_initialization 7F44             ??_ConfigInit 0001  
     __end_of_ConfigInit 7F6E      start_initialization 7F44         __CFG_LPT1OSC$OFF 000000  
               _LATBbits 000F8A         __CFG_WDTPS$32768 000000                 __Hrparam 0000  
               __Lrparam 0000            __size_of_main 0092    __CFG_CPUDIV$OSC1_PLL2 000000  
     __CFG_FOSC$HSPLL_HS 000000  
