

Microchip Technology PIC18 LITE Macro Assembler V1.42 build -159332390 
                                                                                               Sun Aug 13 18:23:59 2017

Microchip Technology Omniscient Code Generator v1.42 (Free mode) build 201704130522
     1                           	processor	18F4550
     2                           	fnconf	rparam,??,?,0
     3                           	opt	pw 120
     4                           	opt	lm
     5                           	psect	cinit,global,reloc=2,class=CODE,delta=1
     6                           	psect	cstackCOMRAM,global,class=COMRAM,space=1,delta=1,noexec
     7                           	psect	text0,global,reloc=2,class=CODE,delta=1
     8                           	psect	text1,global,reloc=2,class=CODE,delta=1
     9                           	psect	intsave_regs,global,class=BIGRAM,space=1,delta=1,noexec
    10                           	psect	rparam,global,class=COMRAM,space=1,delta=1,noexec
    11  0000                     
    12                           ; Version 1.42
    13                           ; Generated 13/04/2017 GMT
    14                           ; 
    15                           ; Copyright © 2017, Microchip Technology Inc. and its subsidiaries ("Microchip")
    16                           ; All rights reserved.
    17                           ; 
    18                           ; This software is developed by Microchip Technology Inc. and its subsidiaries ("Microch
      +                          ip").
    19                           ; 
    20                           ; Redistribution and use in source and binary forms, with or without modification, are
    21                           ; permitted provided that the following conditions are met:
    22                           ; 
    23                           ;     1. Redistributions of source code must retain the above copyright notice, this lis
      +                          t of
    24                           ;        conditions and the following disclaimer.
    25                           ; 
    26                           ;     2. Redistributions in binary form must reproduce the above copyright notice, this 
      +                          list
    27                           ;        of conditions and the following disclaimer in the documentation and/or other
    28                           ;        materials provided with the distribution.
    29                           ; 
    30                           ;     3. Microchip's name may not be used to endorse or promote products derived from th
      +                          is
    31                           ;        software without specific prior written permission.
    32                           ; 
    33                           ; THIS SOFTWARE IS PROVIDED BY MICROCHIP "AS IS" AND ANY EXPRESS OR IMPLIED WARRANTIES,
    34                           ; INCLUDING, BUT NOT LIMITED TO, THE IMPLIED WARRANTIES OF MERCHANTABILITY AND FITNESS F
      +                          OR
    35                           ; PURPOSE ARE DISCLAIMED.  IN NO EVENT SHALL MICROCHIP BE LIABLE FOR ANY DIRECT, INDIREC
      +                          T,
    36                           ; INCIDENTAL, SPECIAL, EXEMPLARY, OR CONSEQUENTIAL DAMAGES (INCLUDING BUT NOT LIMITED TO
    37                           ; PROCUREMENT OF SUBSTITUTE GOODS OR SERVICES; LOSS OF USE, DATA OR PROFITS; OR BUSINESS
    38                           ; INTERRUPTION) HOWSOEVER CAUSED AND ON ANY THEORY OF LIABILITY, WHETHER IN CONTRACT, ST
      +                          RICT
    39                           ; LIABILITY, OR TORT (INCLUDING NEGLIGENCE OR OTHERWISE) ARISING IN ANY WAY OUT OF THE U
      +                          SE OF
    40                           ; THIS SOFTWARE, EVEN IF ADVISED OF THE POSSIBILITY OF SUCH DAMAGE.
    41                           ; 
    42                           ; 
    43                           ; Code-generator required, PIC18F4550 Definitions
    44                           ; 
    45                           ; SFR Addresses
    46  0000                     _TRISB	set	3987
    47  0000                     _LATB	set	3978
    48                           
    49                           ; #config settings
    50  0000                     
    51                           	psect	cinit
    52  007F80                     __pcinit:
    53                           	opt stack 0
    54  007F80                     start_initialization:
    55                           	opt stack 0
    56  007F80                     __initialization:
    57                           	opt stack 0
    58  007F80                     end_of_initialization:
    59                           	opt stack 0
    60  007F80                     __end_of__initialization:
    61                           	opt stack 0
    62  007F80  0100               	movlb	0
    63  007F82  EFC8  F03F         	goto	_main	;jump to C main() function
    64                           
    65                           	psect	cstackCOMRAM
    66  000001                     __pcstackCOMRAM:
    67                           	opt stack 0
    68  000001                     ??_main:
    69                           
    70                           ; 1 bytes @ 0x0
    71  000001                     	ds	2
    72  000003                     main@a:
    73                           	opt stack 0
    74                           
    75                           ; 1 bytes @ 0x2
    76  000003                     	ds	1
    77  000004                     main@a_39:
    78                           	opt stack 0
    79                           
    80                           ; 1 bytes @ 0x3
    81  000004                     	ds	1
    82                           
    83 ;;
    84 ;;Main: autosize = 0, tempsize = 2, incstack = 0, save=0
    85 ;;
    86 ;; *************** function _main *****************
    87 ;; Defined at:
    88 ;;		line 28 in file "practica1.c"
    89 ;; Parameters:    Size  Location     Type
    90 ;;		None
    91 ;; Auto vars:     Size  Location     Type
    92 ;;  a               1    3[COMRAM] unsigned char 
    93 ;;  a               1    2[COMRAM] unsigned char 
    94 ;; Return value:  Size  Location     Type
    95 ;;                  1    wreg      void 
    96 ;; Registers used:
    97 ;;		wreg, status,2, status,0, cstack
    98 ;; Tracked objects:
    99 ;;		On entry : 0/0
   100 ;;		On exit  : 0/0
   101 ;;		Unchanged: 0/0
   102 ;; Data sizes:     COMRAM   BANK0   BANK1   BANK2   BANK3   BANK4   BANK5   BANK6   BANK7
   103 ;;      Params:         0       0       0       0       0       0       0       0       0
   104 ;;      Locals:         2       0       0       0       0       0       0       0       0
   105 ;;      Temps:          2       0       0       0       0       0       0       0       0
   106 ;;      Totals:         4       0       0       0       0       0       0       0       0
   107 ;;Total ram usage:        4 bytes
   108 ;; Hardware stack levels required when called:    1
   109 ;; This function calls:
   110 ;;		_configuracion
   111 ;; This function is called by:
   112 ;;		Startup code after reset
   113 ;; This function uses a non-reentrant model
   114 ;;
   115                           
   116                           	psect	text0
   117  007F90                     __ptext0:
   118                           	opt stack 0
   119  007F90                     _main:
   120                           	opt stack 30
   121                           
   122                           ;practica1.c: 29: configuracion();
   123                           
   124                           ;incstack = 0
   125  007F90  ECC3  F03F         	call	_configuracion	;wreg free
   126  007F94                     l649:
   127                           
   128                           ;practica1.c: 33: LATB = 0x01;
   129  007F94  0E01               	movlw	1
   130  007F96  6E8A               	movwf	3978,c	;volatile
   131                           
   132                           ;practica1.c: 34: _delay((unsigned long)((80)*(48000000/4000.0)));
   133  007F98  0E05               	movlw	5
   134  007F9A  6E02               	movwf	(??_main+1)& (0+255),c
   135  007F9C  0EDF               	movlw	223
   136  007F9E  6E01               	movwf	??_main& (0+255),c
   137  007FA0  0EBC               	movlw	188
   138  007FA2                     u57:
   139  007FA2  2EE8               	decfsz	wreg,f,c
   140  007FA4  D7FE               	bra	u57
   141  007FA6  2E01               	decfsz	??_main& (0+255),f,c
   142  007FA8  D7FC               	bra	u57
   143  007FAA  2E02               	decfsz	(??_main+1)& (0+255),f,c
   144  007FAC  D7FA               	bra	u57
   145                           
   146                           ;practica1.c: 35: for(char a = 0; a <= 2; a++ ){
   147  007FAE  0E00               	movlw	0
   148  007FB0  6E03               	movwf	main@a,c
   149  007FB2                     l655:
   150  007FB2  0E02               	movlw	2
   151  007FB4  6403               	cpfsgt	main@a,c
   152  007FB6  D001               	goto	l659
   153  007FB8  D00F               	goto	l665
   154  007FBA                     l659:
   155                           
   156                           ;practica1.c: 36: LATB <<= 1;
   157  007FBA  90D8               	bcf	status,0,c
   158  007FBC  368A               	rlcf	3978,f,c
   159                           
   160                           ;practica1.c: 37: _delay((unsigned long)((80)*(48000000/4000.0)));
   161                           
   162                           ;volatile
   163  007FBE  0E05               	movlw	5
   164  007FC0  6E02               	movwf	(??_main+1)& (0+255),c
   165  007FC2  0EDF               	movlw	223
   166  007FC4  6E01               	movwf	??_main& (0+255),c
   167  007FC6  0EBC               	movlw	188
   168  007FC8                     u67:
   169  007FC8  2EE8               	decfsz	wreg,f,c
   170  007FCA  D7FE               	bra	u67
   171  007FCC  2E01               	decfsz	??_main& (0+255),f,c
   172  007FCE  D7FC               	bra	u67
   173  007FD0  2E02               	decfsz	(??_main+1)& (0+255),f,c
   174  007FD2  D7FA               	bra	u67
   175  007FD4  2A03               	incf	main@a,f,c
   176  007FD6  D7ED               	goto	l655
   177  007FD8                     l665:
   178                           
   179                           ;practica1.c: 38: }
   180                           ;practica1.c: 40: for(char a = 2; a >= 1; a--){
   181  007FD8  0E02               	movlw	2
   182  007FDA  6E04               	movwf	main@a_39,c
   183  007FDC  5004               	movf	main@a_39,w,c
   184  007FDE  B4D8               	btfsc	status,2,c
   185  007FE0  D7D9               	goto	l649
   186                           
   187                           ;practica1.c: 41: LATB >>= 1;
   188  007FE2  90D8               	bcf	status,0,c
   189  007FE4  328A               	rrcf	3978,f,c
   190                           
   191                           ;practica1.c: 42: _delay((unsigned long)((80)*(48000000/4000.0)));
   192                           
   193                           ;volatile
   194  007FE6  0E05               	movlw	5
   195  007FE8  6E02               	movwf	(??_main+1)& (0+255),c
   196  007FEA  0EDF               	movlw	223
   197  007FEC  6E01               	movwf	??_main& (0+255),c
   198  007FEE  0EBC               	movlw	188
   199  007FF0                     u77:
   200  007FF0  2EE8               	decfsz	wreg,f,c
   201  007FF2  D7FE               	bra	u77
   202  007FF4  2E01               	decfsz	??_main& (0+255),f,c
   203  007FF6  D7FC               	bra	u77
   204  007FF8  2E02               	decfsz	(??_main+1)& (0+255),f,c
   205  007FFA  D7FA               	bra	u77
   206  007FFC  0604               	decf	main@a_39,f,c
   207  007FFE  D7EE               	goto	L1
   208  008000                     __end_of_main:
   209                           	opt stack 0
   210                           wreg	equ	0xFE8
   211                           status	equ	0xFD8
   212                           
   213 ;; *************** function _configuracion *****************
   214 ;; Defined at:
   215 ;;		line 54 in file "practica1.c"
   216 ;; Parameters:    Size  Location     Type
   217 ;;		None
   218 ;; Auto vars:     Size  Location     Type
   219 ;;		None
   220 ;; Return value:  Size  Location     Type
   221 ;;                  1    wreg      void 
   222 ;; Registers used:
   223 ;;		wreg, status,2
   224 ;; Tracked objects:
   225 ;;		On entry : 0/0
   226 ;;		On exit  : 0/0
   227 ;;		Unchanged: 0/0
   228 ;; Data sizes:     COMRAM   BANK0   BANK1   BANK2   BANK3   BANK4   BANK5   BANK6   BANK7
   229 ;;      Params:         0       0       0       0       0       0       0       0       0
   230 ;;      Locals:         0       0       0       0       0       0       0       0       0
   231 ;;      Temps:          0       0       0       0       0       0       0       0       0
   232 ;;      Totals:         0       0       0       0       0       0       0       0       0
   233 ;;Total ram usage:        0 bytes
   234 ;; Hardware stack levels used:    1
   235 ;; This function calls:
   236 ;;		Nothing
   237 ;; This function is called by:
   238 ;;		_main
   239 ;; This function uses a non-reentrant model
   240 ;;
   241                           
   242                           	psect	text1
   243  007F86                     __ptext1:
   244                           	opt stack 0
   245  007F86                     _configuracion:
   246                           	opt stack 30
   247                           
   248                           ;practica1.c: 57: TRISB = 0x80;
   249                           
   250                           ;incstack = 0
   251  007F86  0E80               	movlw	128
   252  007F88  6E93               	movwf	3987,c	;volatile
   253                           
   254                           ;practica1.c: 58: LATB = 0x80;
   255  007F8A  0E80               	movlw	128
   256  007F8C  6E8A               	movwf	3978,c	;volatile
   257  007F8E  0012               	return		;funcret
   258  007F90                     __end_of_configuracion:
   259                           	opt stack 0
   260  0000                     wreg	equ	0xFE8
   261                           status	equ	0xFD8
   262                           wreg	equ	0xFE8
   263                           status	equ	0xFD8
   264                           
   265                           	psect	rparam
   266  0000                     wreg	equ	0xFE8
   267                           status	equ	0xFD8


Data Sizes:
    Strings     0
    Constant    0
    Data        0
    BSS         0
    Persistent  0
    Stack       0

Auto Spaces:
    Space          Size  Autos    Used
    COMRAM           95      4       4
    BANK0           160      0       0
    BANK1           256      0       0
    BANK2           256      0       0
    BANK3           256      0       0
    BANK4           256      0       0
    BANK5           256      0       0
    BANK6           256      0       0
    BANK7           256      0       0

Pointer List with Targets:

    None.

Critical Paths under _main in COMRAM

    None.

Critical Paths under _main in BANK0

    None.

Critical Paths under _main in BANK1

    None.

Critical Paths under _main in BANK2

    None.

Critical Paths under _main in BANK3

    None.

Critical Paths under _main in BANK4

    None.

Critical Paths under _main in BANK5

    None.

Critical Paths under _main in BANK6

    None.

Critical Paths under _main in BANK7

    None.

Call Graph Tables:

 ---------------------------------------------------------------------------------
 (Depth) Function   	        Calls       Base Space   Used Autos Params    Refs
 ---------------------------------------------------------------------------------
 (0) _main                                                 4     4      0      60
                                              0 COMRAM     4     4      0
                      _configuracion
 ---------------------------------------------------------------------------------
 (1) _configuracion                                        0     0      0       0
 ---------------------------------------------------------------------------------
 Estimated maximum stack depth 1
 ---------------------------------------------------------------------------------

 Call Graph Graphs:

 _main (ROOT)
   _configuracion

 Address spaces:
Name               Size   Autos  Total    Cost      Usage
BITCOMRAM           5F      0       0       0        0.0%
EEDATA             100      0       0       0        0.0%
NULL                 0      0       0       0        0.0%
CODE                 0      0       0       0        0.0%
COMRAM              5F      4       4       1        4.2%
STACK                0      0       0       2        0.0%
DATA                 0      0       0       3        0.0%
BITBANK0            A0      0       0       4        0.0%
BANK0               A0      0       0       5        0.0%
BITBANK1           100      0       0       6        0.0%
BANK1              100      0       0       7        0.0%
BITBANK2           100      0       0       8        0.0%
BANK2              100      0       0       9        0.0%
BITBANK3           100      0       0      10        0.0%
BANK3              100      0       0      11        0.0%
BITBANK4           100      0       0      12        0.0%
BANK4              100      0       0      13        0.0%
BITBANK5           100      0       0      14        0.0%
BANK5              100      0       0      15        0.0%
BITBANK6           100      0       0      16        0.0%
BANK6              100      0       0      17        0.0%
BITBANK7           100      0       0      18        0.0%
BANK7              100      0       0      19        0.0%
ABS                  0      0       0      20        0.0%
BIGRAM             7FF      0       0      21        0.0%
BITSFR               0      0       0     200        0.0%
SFR                  0      0       0     200        0.0%


Microchip Technology PIC18 Macro Assembler V1.42 build -159332390 
Symbol Table                                                                                   Sun Aug 13 18:23:59 2017

                     u57 7FA2                       u67 7FC8                       u77 7FF0  
         ?_configuracion 0001                      l655 7FB2                      l665 7FD8  
                    l649 7F94                      l659 7FBA                      wreg 000FE8  
                   _LATB 000F8A                     _main 7F90                     start 0000  
          __CFG_IESO$OFF 000000             ___param_bank 000000            __CFG_PLLDIV$5 000000  
                  ?_main 0001                    _TRISB 000F93                    main@a 0003  
                  status 000FD8           __CFG_MCLRE$OFF 000000          __initialization 7F80  
           __end_of_main 8000          ??_configuracion 0001                   ??_main 0001  
          __activetblptr 000000               __accesstop 0060  __end_of__initialization 7F80  
          ___rparam_used 000001           __pcstackCOMRAM 0001                  __Hparam 0000  
                __Lparam 0000                  __pcinit 7F80                  __ramtop 0800  
                __ptext0 7F90                  __ptext1 7F86     end_of_initialization 7F80  
  __end_of_configuracion 7F90      start_initialization 7F80                 __Hrparam 0000  
               __Lrparam 0000   __size_of_configuracion 000A            __size_of_main 0070  
               main@a_39 0004    __CFG_CPUDIV$OSC1_PLL2 000000            _configuracion 7F86  
     __CFG_FOSC$HSPLL_HS 000000  
