

Microchip Technology PIC18 LITE Macro Assembler V1.42 build -159332390 
                                                                                               Mon Aug 14 21:49:06 2017

Microchip Technology Omniscient Code Generator v1.42 (Free mode) build 201704130522
     1                           	processor	18F4550
     2                           	fnconf	rparam,??,?,0
     3                           	opt	pw 120
     4                           	opt	lm
     5                           	psect	cinit,global,reloc=2,class=CODE,delta=1
     6                           	psect	cstackCOMRAM,global,class=COMRAM,space=1,delta=1,noexec
     7                           	psect	text0,global,reloc=2,class=CODE,delta=1
     8                           	psect	text1,global,reloc=2,class=CODE,delta=1
     9                           	psect	intsave_regs,global,class=BIGRAM,space=1,delta=1,noexec
    10                           	psect	rparam,global,class=COMRAM,space=1,delta=1,noexec
    11  0000                     
    12                           ; Version 1.42
    13                           ; Generated 13/04/2017 GMT
    14                           ; 
    15                           ; Copyright © 2017, Microchip Technology Inc. and its subsidiaries ("Microchip")
    16                           ; All rights reserved.
    17                           ; 
    18                           ; This software is developed by Microchip Technology Inc. and its subsidiaries ("Microch
      +                          ip").
    19                           ; 
    20                           ; Redistribution and use in source and binary forms, with or without modification, are
    21                           ; permitted provided that the following conditions are met:
    22                           ; 
    23                           ;     1. Redistributions of source code must retain the above copyright notice, this lis
      +                          t of
    24                           ;        conditions and the following disclaimer.
    25                           ; 
    26                           ;     2. Redistributions in binary form must reproduce the above copyright notice, this 
      +                          list
    27                           ;        of conditions and the following disclaimer in the documentation and/or other
    28                           ;        materials provided with the distribution.
    29                           ; 
    30                           ;     3. Microchip's name may not be used to endorse or promote products derived from th
      +                          is
    31                           ;        software without specific prior written permission.
    32                           ; 
    33                           ; THIS SOFTWARE IS PROVIDED BY MICROCHIP "AS IS" AND ANY EXPRESS OR IMPLIED WARRANTIES,
    34                           ; INCLUDING, BUT NOT LIMITED TO, THE IMPLIED WARRANTIES OF MERCHANTABILITY AND FITNESS F
      +                          OR
    35                           ; PURPOSE ARE DISCLAIMED.  IN NO EVENT SHALL MICROCHIP BE LIABLE FOR ANY DIRECT, INDIREC
      +                          T,
    36                           ; INCIDENTAL, SPECIAL, EXEMPLARY, OR CONSEQUENTIAL DAMAGES (INCLUDING BUT NOT LIMITED TO
    37                           ; PROCUREMENT OF SUBSTITUTE GOODS OR SERVICES; LOSS OF USE, DATA OR PROFITS; OR BUSINESS
    38                           ; INTERRUPTION) HOWSOEVER CAUSED AND ON ANY THEORY OF LIABILITY, WHETHER IN CONTRACT, ST
      +                          RICT
    39                           ; LIABILITY, OR TORT (INCLUDING NEGLIGENCE OR OTHERWISE) ARISING IN ANY WAY OUT OF THE U
      +                          SE OF
    40                           ; THIS SOFTWARE, EVEN IF ADVISED OF THE POSSIBILITY OF SUCH DAMAGE.
    41                           ; 
    42                           ; 
    43                           ; Code-generator required, PIC18F4550 Definitions
    44                           ; 
    45                           ; SFR Addresses
    46  0000                     _TRISB	set	3987
    47  0000                     _ADCON1	set	4033
    48  0000                     _TRISAbits	set	3986
    49  0000                     _LATB	set	3978
    50  0000                     _PORTAbits	set	3968
    51                           
    52                           ; #config settings
    53  0000                     
    54                           	psect	cinit
    55  007FB6                     __pcinit:
    56                           	opt stack 0
    57  007FB6                     start_initialization:
    58                           	opt stack 0
    59  007FB6                     __initialization:
    60                           	opt stack 0
    61  007FB6                     end_of_initialization:
    62                           	opt stack 0
    63  007FB6                     __end_of__initialization:
    64                           	opt stack 0
    65  007FB6  0100               	movlb	0
    66  007FB8  EFE6  F03F         	goto	_main	;jump to C main() function
    67                           
    68                           	psect	cstackCOMRAM
    69  000001                     __pcstackCOMRAM:
    70                           	opt stack 0
    71  000001                     ??_main:
    72                           
    73                           ; 1 bytes @ 0x0
    74  000001                     	ds	2
    75  000003                     main@contador:
    76                           	opt stack 0
    77                           
    78                           ; 1 bytes @ 0x2
    79  000003                     	ds	1
    80                           
    81 ;;
    82 ;;Main: autosize = 0, tempsize = 2, incstack = 0, save=0
    83 ;;
    84 ;; *************** function _main *****************
    85 ;; Defined at:
    86 ;;		line 28 in file "p2_entradas.c"
    87 ;; Parameters:    Size  Location     Type
    88 ;;		None
    89 ;; Auto vars:     Size  Location     Type
    90 ;;  contador        1    2[COMRAM] unsigned char 
    91 ;; Return value:  Size  Location     Type
    92 ;;                  1    wreg      void 
    93 ;; Registers used:
    94 ;;		wreg, status,2, status,0, cstack
    95 ;; Tracked objects:
    96 ;;		On entry : 0/0
    97 ;;		On exit  : 0/0
    98 ;;		Unchanged: 0/0
    99 ;; Data sizes:     COMRAM   BANK0   BANK1   BANK2   BANK3   BANK4   BANK5   BANK6   BANK7
   100 ;;      Params:         0       0       0       0       0       0       0       0       0
   101 ;;      Locals:         1       0       0       0       0       0       0       0       0
   102 ;;      Temps:          2       0       0       0       0       0       0       0       0
   103 ;;      Totals:         3       0       0       0       0       0       0       0       0
   104 ;;Total ram usage:        3 bytes
   105 ;; Hardware stack levels required when called:    1
   106 ;; This function calls:
   107 ;;		_configuracion
   108 ;; This function is called by:
   109 ;;		Startup code after reset
   110 ;; This function uses a non-reentrant model
   111 ;;
   112                           
   113                           	psect	text0
   114  007FCC                     __ptext0:
   115                           	opt stack 0
   116  007FCC                     _main:
   117                           	opt stack 30
   118                           
   119                           ;p2_entradas.c: 29: configuracion();
   120                           
   121                           ;incstack = 0
   122  007FCC  ECDE  F03F         	call	_configuracion	;wreg free
   123  007FD0  D014               	goto	l665
   124  007FD2                     l657:
   125                           
   126                           ;p2_entradas.c: 32: if(PORTAbits.RA0 == 0){
   127  007FD2  B080               	btfsc	3968,0,c	;volatile
   128  007FD4  D7FE               	goto	l657
   129                           
   130                           ;p2_entradas.c: 33: _delay((unsigned long)((200)*(48000000/4000.0)));
   131  007FD6  0E0D               	movlw	13
   132  007FD8  6E02               	movwf	(??_main+1)& (0+255),c
   133  007FDA  0E2D               	movlw	45
   134  007FDC  6E01               	movwf	??_main& (0+255),c
   135  007FDE  0ED8               	movlw	216
   136  007FE0                     u37:
   137  007FE0  2EE8               	decfsz	wreg,f,c
   138  007FE2  D7FE               	bra	u37
   139  007FE4  2E01               	decfsz	??_main& (0+255),f,c
   140  007FE6  D7FC               	bra	u37
   141  007FE8  2E02               	decfsz	(??_main+1)& (0+255),f,c
   142  007FEA  D7FA               	bra	u37
   143                           
   144                           ;p2_entradas.c: 34: contador++;
   145  007FEC  2A03               	incf	main@contador,f,c
   146                           
   147                           ;p2_entradas.c: 35: LATB = contador;
   148  007FEE  C003  FF8A         	movff	main@contador,3978	;volatile
   149                           
   150                           ;p2_entradas.c: 36: if(contador == 8){
   151  007FF2  0E08               	movlw	8
   152  007FF4  1803               	xorwf	main@contador,w,c
   153  007FF6  A4D8               	btfss	status,2,c
   154  007FF8  D7EC               	goto	l657
   155  007FFA                     l665:
   156                           
   157                           ;p2_entradas.c: 37: contador = 0;
   158  007FFA  0E00               	movlw	0
   159  007FFC  6E03               	movwf	main@contador,c
   160  007FFE  D7E9               	goto	l657
   161  008000                     __end_of_main:
   162                           	opt stack 0
   163                           wreg	equ	0xFE8
   164                           status	equ	0xFD8
   165                           
   166 ;; *************** function _configuracion *****************
   167 ;; Defined at:
   168 ;;		line 57 in file "p2_entradas.c"
   169 ;; Parameters:    Size  Location     Type
   170 ;;		None
   171 ;; Auto vars:     Size  Location     Type
   172 ;;		None
   173 ;; Return value:  Size  Location     Type
   174 ;;                  1    wreg      void 
   175 ;; Registers used:
   176 ;;		wreg, status,2
   177 ;; Tracked objects:
   178 ;;		On entry : 0/0
   179 ;;		On exit  : 0/0
   180 ;;		Unchanged: 0/0
   181 ;; Data sizes:     COMRAM   BANK0   BANK1   BANK2   BANK3   BANK4   BANK5   BANK6   BANK7
   182 ;;      Params:         0       0       0       0       0       0       0       0       0
   183 ;;      Locals:         0       0       0       0       0       0       0       0       0
   184 ;;      Temps:          0       0       0       0       0       0       0       0       0
   185 ;;      Totals:         0       0       0       0       0       0       0       0       0
   186 ;;Total ram usage:        0 bytes
   187 ;; Hardware stack levels used:    1
   188 ;; This function calls:
   189 ;;		Nothing
   190 ;; This function is called by:
   191 ;;		_main
   192 ;; This function uses a non-reentrant model
   193 ;;
   194                           
   195                           	psect	text1
   196  007FBC                     __ptext1:
   197                           	opt stack 0
   198  007FBC                     _configuracion:
   199                           	opt stack 30
   200                           
   201                           ;p2_entradas.c: 59: TRISAbits.RA0 = 1;
   202                           
   203                           ;incstack = 0
   204  007FBC  8092               	bsf	3986,0,c	;volatile
   205                           
   206                           ;p2_entradas.c: 60: ADCON1 = 0x0F;
   207  007FBE  0E0F               	movlw	15
   208  007FC0  6EC1               	movwf	4033,c	;volatile
   209                           
   210                           ;p2_entradas.c: 62: TRISB = 0;
   211  007FC2  0E00               	movlw	0
   212  007FC4  6E93               	movwf	3987,c	;volatile
   213                           
   214                           ;p2_entradas.c: 63: LATB = 0;
   215  007FC6  0E00               	movlw	0
   216  007FC8  6E8A               	movwf	3978,c	;volatile
   217  007FCA  0012               	return		;funcret
   218  007FCC                     __end_of_configuracion:
   219                           	opt stack 0
   220  0000                     wreg	equ	0xFE8
   221                           status	equ	0xFD8
   222                           wreg	equ	0xFE8
   223                           status	equ	0xFD8
   224                           
   225                           	psect	rparam
   226  0000                     wreg	equ	0xFE8
   227                           status	equ	0xFD8


Data Sizes:
    Strings     0
    Constant    0
    Data        0
    BSS         0
    Persistent  0
    Stack       0

Auto Spaces:
    Space          Size  Autos    Used
    COMRAM           95      3       3
    BANK0           160      0       0
    BANK1           256      0       0
    BANK2           256      0       0
    BANK3           256      0       0
    BANK4           256      0       0
    BANK5           256      0       0
    BANK6           256      0       0
    BANK7           256      0       0

Pointer List with Targets:

    None.

Critical Paths under _main in COMRAM

    None.

Critical Paths under _main in BANK0

    None.

Critical Paths under _main in BANK1

    None.

Critical Paths under _main in BANK2

    None.

Critical Paths under _main in BANK3

    None.

Critical Paths under _main in BANK4

    None.

Critical Paths under _main in BANK5

    None.

Critical Paths under _main in BANK6

    None.

Critical Paths under _main in BANK7

    None.

Call Graph Tables:

 ---------------------------------------------------------------------------------
 (Depth) Function   	        Calls       Base Space   Used Autos Params    Refs
 ---------------------------------------------------------------------------------
 (0) _main                                                 3     3      0      30
                                              0 COMRAM     3     3      0
                      _configuracion
 ---------------------------------------------------------------------------------
 (1) _configuracion                                        0     0      0       0
 ---------------------------------------------------------------------------------
 Estimated maximum stack depth 1
 ---------------------------------------------------------------------------------

 Call Graph Graphs:

 _main (ROOT)
   _configuracion

 Address spaces:
Name               Size   Autos  Total    Cost      Usage
BITCOMRAM           5F      0       0       0        0.0%
EEDATA             100      0       0       0        0.0%
NULL                 0      0       0       0        0.0%
CODE                 0      0       0       0        0.0%
COMRAM              5F      3       3       1        3.2%
STACK                0      0       0       2        0.0%
DATA                 0      0       0       3        0.0%
BITBANK0            A0      0       0       4        0.0%
BANK0               A0      0       0       5        0.0%
BITBANK1           100      0       0       6        0.0%
BANK1              100      0       0       7        0.0%
BITBANK2           100      0       0       8        0.0%
BANK2              100      0       0       9        0.0%
BITBANK3           100      0       0      10        0.0%
BANK3              100      0       0      11        0.0%
BITBANK4           100      0       0      12        0.0%
BANK4              100      0       0      13        0.0%
BITBANK5           100      0       0      14        0.0%
BANK5              100      0       0      15        0.0%
BITBANK6           100      0       0      16        0.0%
BANK6              100      0       0      17        0.0%
BITBANK7           100      0       0      18        0.0%
BANK7              100      0       0      19        0.0%
ABS                  0      0       0      20        0.0%
BIGRAM             7FF      0       0      21        0.0%
BITSFR               0      0       0     200        0.0%
SFR                  0      0       0     200        0.0%


Microchip Technology PIC18 Macro Assembler V1.42 build -159332390 
Symbol Table                                                                                   Mon Aug 14 21:49:06 2017

                     u37 7FE0           ?_configuracion 0001                      l665 7FFA  
                    l657 7FD2                      wreg 000FE8                     _LATB 000F8A  
                   _main 7FCC                     start 0000            __CFG_IESO$OFF 000000  
           ___param_bank 000000            __CFG_PLLDIV$5 000000             main@contador 0003  
                  ?_main 0001                    _TRISB 000F93                    status 000FD8  
         __CFG_MCLRE$OFF 000000          __initialization 7FB6             __end_of_main 8000  
        ??_configuracion 0001                   ??_main 0001            __activetblptr 000000  
                 _ADCON1 000FC1               __accesstop 0060  __end_of__initialization 7FB6  
          ___rparam_used 000001           __pcstackCOMRAM 0001                  __Hparam 0000  
                __Lparam 0000                  __pcinit 7FB6                  __ramtop 0800  
                __ptext0 7FCC                  __ptext1 7FBC     end_of_initialization 7FB6  
  __end_of_configuracion 7FCC                _PORTAbits 000F80                _TRISAbits 000F92  
    start_initialization 7FB6                 __Hrparam 0000                 __Lrparam 0000  
 __size_of_configuracion 0010            __size_of_main 0034    __CFG_CPUDIV$OSC1_PLL2 000000  
          _configuracion 7FBC       __CFG_FOSC$HSPLL_HS 000000  
