

Microchip Technology PIC18 LITE Macro Assembler V1.42 build -159332390 
                                                                                               Wed Aug 16 23:13:42 2017

Microchip Technology Omniscient Code Generator v1.42 (Free mode) build 201704130522
     1                           	processor	18F4550
     2                           	fnconf	rparam,??,?,0
     3                           	opt	pw 120
     4                           	opt	lm
     5                           	psect	cinit,global,reloc=2,class=CODE,delta=1
     6                           	psect	bssCOMRAM,global,class=COMRAM,space=1,delta=1,noexec
     7                           	psect	cstackCOMRAM,global,class=COMRAM,space=1,delta=1,noexec
     8                           	psect	text0,global,reloc=2,class=CODE,delta=1
     9                           	psect	text1,global,reloc=2,class=CODE,delta=1
    10                           	psect	text2,global,reloc=2,class=CODE,delta=1
    11                           	psect	text3,global,reloc=2,class=CODE,delta=1
    12                           	psect	intcode,global,reloc=2,class=CODE,delta=1
    13                           	psect	intcode_body,global,reloc=2,class=CODE,delta=1
    14                           	psect	intsave_regs,global,class=BIGRAM,space=1,delta=1,noexec
    15                           	psect	rparam,global,class=COMRAM,space=1,delta=1,noexec
    16                           	psect	temp,global,ovrld,common,class=COMRAM,space=1,delta=1
    17  0000                     
    18                           ; Version 1.42
    19                           ; Generated 13/04/2017 GMT
    20                           ; 
    21                           ; Copyright © 2017, Microchip Technology Inc. and its subsidiaries ("Microchip")
    22                           ; All rights reserved.
    23                           ; 
    24                           ; This software is developed by Microchip Technology Inc. and its subsidiaries ("Microch
      +                          ip").
    25                           ; 
    26                           ; Redistribution and use in source and binary forms, with or without modification, are
    27                           ; permitted provided that the following conditions are met:
    28                           ; 
    29                           ;     1. Redistributions of source code must retain the above copyright notice, this lis
      +                          t of
    30                           ;        conditions and the following disclaimer.
    31                           ; 
    32                           ;     2. Redistributions in binary form must reproduce the above copyright notice, this 
      +                          list
    33                           ;        of conditions and the following disclaimer in the documentation and/or other
    34                           ;        materials provided with the distribution.
    35                           ; 
    36                           ;     3. Microchip's name may not be used to endorse or promote products derived from th
      +                          is
    37                           ;        software without specific prior written permission.
    38                           ; 
    39                           ; THIS SOFTWARE IS PROVIDED BY MICROCHIP "AS IS" AND ANY EXPRESS OR IMPLIED WARRANTIES,
    40                           ; INCLUDING, BUT NOT LIMITED TO, THE IMPLIED WARRANTIES OF MERCHANTABILITY AND FITNESS F
      +                          OR
    41                           ; PURPOSE ARE DISCLAIMED.  IN NO EVENT SHALL MICROCHIP BE LIABLE FOR ANY DIRECT, INDIREC
      +                          T,
    42                           ; INCIDENTAL, SPECIAL, EXEMPLARY, OR CONSEQUENTIAL DAMAGES (INCLUDING BUT NOT LIMITED TO
    43                           ; PROCUREMENT OF SUBSTITUTE GOODS OR SERVICES; LOSS OF USE, DATA OR PROFITS; OR BUSINESS
    44                           ; INTERRUPTION) HOWSOEVER CAUSED AND ON ANY THEORY OF LIABILITY, WHETHER IN CONTRACT, ST
      +                          RICT
    45                           ; LIABILITY, OR TORT (INCLUDING NEGLIGENCE OR OTHERWISE) ARISING IN ANY WAY OUT OF THE U
      +                          SE OF
    46                           ; THIS SOFTWARE, EVEN IF ADVISED OF THE POSSIBILITY OF SUCH DAMAGE.
    47                           ; 
    48                           ; 
    49                           ; Code-generator required, PIC18F4550 Definitions
    50                           ; 
    51                           ; SFR Addresses
    52  0000                     _TMR0	set	4054
    53  0000                     _LATBbits	set	3978
    54  0000                     _ADCON1	set	4033
    55  0000                     _TRISA	set	3986
    56  0000                     _LATB	set	3978
    57  0000                     _TRISB	set	3987
    58  0000                     _T0CON	set	4053
    59  0000                     _INTCONbits	set	4082
    60  0000                     _RCONbits	set	4048
    61  0000                     _PORTBbits	set	3969
    62  0000                     _TMR0IF	set	32658
    63                           
    64                           ; #config settings
    65  0000                     
    66                           	psect	cinit
    67  0000F4                     __pcinit:
    68                           	opt stack 0
    69  0000F4                     start_initialization:
    70                           	opt stack 0
    71  0000F4                     __initialization:
    72                           	opt stack 0
    73                           
    74                           ; Clear objects allocated to COMRAM (4 bytes)
    75  0000F4  6A14               	clrf	(__pbssCOMRAM+3)& (0+255),c
    76  0000F6  6A13               	clrf	(__pbssCOMRAM+2)& (0+255),c
    77  0000F8  6A12               	clrf	(__pbssCOMRAM+1)& (0+255),c
    78  0000FA  6A11               	clrf	__pbssCOMRAM& (0+255),c
    79  0000FC                     end_of_initialization:
    80                           	opt stack 0
    81  0000FC                     __end_of__initialization:
    82                           	opt stack 0
    83  0000FC  9015               	bcf	int$flags,0,c	;clear compiler interrupt flag (level 1)
    84  0000FE  9215               	bcf	int$flags,1,c	;clear compiler interrupt flag (level 2)
    85  000100  0100               	movlb	0
    86  000102  EF5C  F000         	goto	_main	;jump to C main() function
    87                           
    88                           	psect	bssCOMRAM
    89  000011                     __pbssCOMRAM:
    90                           	opt stack 0
    91  000011                     _contador1:
    92                           	opt stack 0
    93  000011                     	ds	2
    94  000013                     _contador:
    95                           	opt stack 0
    96  000013                     	ds	2
    97                           
    98                           	psect	cstackCOMRAM
    99  000001                     __pcstackCOMRAM:
   100                           	opt stack 0
   101  000001                     ??_Interrupcion:
   102                           
   103                           ; 1 bytes @ 0x0
   104  000001                     	ds	14
   105  00000F                     ??_main:
   106                           
   107                           ; 1 bytes @ 0xE
   108  00000F                     	ds	2
   109                           
   110 ;;
   111 ;;Main: autosize = 0, tempsize = 2, incstack = 0, save=0
   112 ;;
   113 ;; *************** function _main *****************
   114 ;; Defined at:
   115 ;;		line 33 in file "p3_interrupt.c"
   116 ;; Parameters:    Size  Location     Type
   117 ;;		None
   118 ;; Auto vars:     Size  Location     Type
   119 ;;		None
   120 ;; Return value:  Size  Location     Type
   121 ;;                  1    wreg      void 
   122 ;; Registers used:
   123 ;;		wreg, status,2, status,0, cstack
   124 ;; Tracked objects:
   125 ;;		On entry : 0/0
   126 ;;		On exit  : 0/0
   127 ;;		Unchanged: 0/0
   128 ;; Data sizes:     COMRAM   BANK0   BANK1   BANK2   BANK3   BANK4   BANK5   BANK6   BANK7
   129 ;;      Params:         0       0       0       0       0       0       0       0       0
   130 ;;      Locals:         0       0       0       0       0       0       0       0       0
   131 ;;      Temps:          2       0       0       0       0       0       0       0       0
   132 ;;      Totals:         2       0       0       0       0       0       0       0       0
   133 ;;Total ram usage:        2 bytes
   134 ;; Hardware stack levels required when called:    2
   135 ;; This function calls:
   136 ;;		_IOportsConfig
   137 ;;		_InterruptConfig
   138 ;;		_Timer0Config
   139 ;; This function is called by:
   140 ;;		Startup code after reset
   141 ;; This function uses a non-reentrant model
   142 ;;
   143                           
   144                           	psect	text0
   145  0000B8                     __ptext0:
   146                           	opt stack 0
   147  0000B8                     _main:
   148                           	opt stack 29
   149                           
   150                           ;p3_interrupt.c: 34: IOportsConfig();
   151                           
   152                           ;incstack = 0
   153  0000B8  EC83  F000         	call	_IOportsConfig	;wreg free
   154                           
   155                           ;p3_interrupt.c: 35: Timer0Config();
   156  0000BC  EC8C  F000         	call	_Timer0Config	;wreg free
   157                           
   158                           ;p3_interrupt.c: 36: InterruptConfig();
   159  0000C0  EC93  F000         	call	_InterruptConfig	;wreg free
   160  0000C4                     l690:
   161                           
   162                           ;p3_interrupt.c: 39: PORTBbits.RB4 =! PORTBbits.RB4;
   163  0000C4  B881               	btfsc	3969,4,c	;volatile
   164  0000C6  D003               	goto	u10
   165  0000C8  6A0F               	clrf	??_main& (0+255),c
   166  0000CA  2A0F               	incf	??_main& (0+255),f,c
   167  0000CC  D001               	goto	u28
   168  0000CE                     u10:
   169  0000CE  6A0F               	clrf	??_main& (0+255),c
   170  0000D0                     u28:
   171  0000D0  3A0F               	swapf	??_main,f,c
   172  0000D2  5081               	movf	3969,w,c	;volatile
   173  0000D4  180F               	xorwf	??_main,w,c
   174  0000D6  0BEF               	andlw	-17
   175  0000D8  180F               	xorwf	??_main,w,c
   176  0000DA  6E81               	movwf	3969,c	;volatile
   177                           
   178                           ;p3_interrupt.c: 40: _delay((unsigned long)((250)*(48000000/4000.0)));
   179  0000DC  0E10               	movlw	16
   180  0000DE  6E10               	movwf	(??_main+1)& (0+255),c
   181  0000E0  0E39               	movlw	57
   182  0000E2  6E0F               	movwf	??_main& (0+255),c
   183  0000E4  0E0E               	movlw	14
   184  0000E6                     u57:
   185  0000E6  2EE8               	decfsz	wreg,f,c
   186  0000E8  D7FE               	bra	u57
   187  0000EA  2E0F               	decfsz	??_main& (0+255),f,c
   188  0000EC  D7FC               	bra	u57
   189  0000EE  2E10               	decfsz	(??_main+1)& (0+255),f,c
   190  0000F0  D7FA               	bra	u57
   191  0000F2  D7E8               	goto	l690
   192  0000F4                     __end_of_main:
   193                           	opt stack 0
   194                           wreg	equ	0xFE8
   195                           
   196 ;; *************** function _Timer0Config *****************
   197 ;; Defined at:
   198 ;;		line 66 in file "p3_interrupt.c"
   199 ;; Parameters:    Size  Location     Type
   200 ;;		None
   201 ;; Auto vars:     Size  Location     Type
   202 ;;		None
   203 ;; Return value:  Size  Location     Type
   204 ;;                  1    wreg      void 
   205 ;; Registers used:
   206 ;;		wreg, status,2
   207 ;; Tracked objects:
   208 ;;		On entry : 0/0
   209 ;;		On exit  : 0/0
   210 ;;		Unchanged: 0/0
   211 ;; Data sizes:     COMRAM   BANK0   BANK1   BANK2   BANK3   BANK4   BANK5   BANK6   BANK7
   212 ;;      Params:         0       0       0       0       0       0       0       0       0
   213 ;;      Locals:         0       0       0       0       0       0       0       0       0
   214 ;;      Temps:          0       0       0       0       0       0       0       0       0
   215 ;;      Totals:         0       0       0       0       0       0       0       0       0
   216 ;;Total ram usage:        0 bytes
   217 ;; Hardware stack levels used:    1
   218 ;; Hardware stack levels required when called:    1
   219 ;; This function calls:
   220 ;;		Nothing
   221 ;; This function is called by:
   222 ;;		_main
   223 ;; This function uses a non-reentrant model
   224 ;;
   225                           
   226                           	psect	text1
   227  000118                     __ptext1:
   228                           	opt stack 0
   229  000118                     _Timer0Config:
   230                           	opt stack 29
   231                           
   232                           ;p3_interrupt.c: 68: T0CON = 0b11000101;
   233                           
   234                           ;incstack = 0
   235  000118  0EC5               	movlw	197
   236  00011A  6ED5               	movwf	4053,c	;volatile
   237                           
   238                           ;p3_interrupt.c: 70: TMR0 = 68;
   239  00011C  0E00               	movlw	0
   240  00011E  6ED7               	movwf	4055,c	;volatile
   241  000120  0E44               	movlw	68
   242  000122  6ED6               	movwf	4054,c	;volatile
   243  000124  0012               	return		;funcret
   244  000126                     __end_of_Timer0Config:
   245                           	opt stack 0
   246                           wreg	equ	0xFE8
   247                           
   248 ;; *************** function _InterruptConfig *****************
   249 ;; Defined at:
   250 ;;		line 55 in file "p3_interrupt.c"
   251 ;; Parameters:    Size  Location     Type
   252 ;;		None
   253 ;; Auto vars:     Size  Location     Type
   254 ;;		None
   255 ;; Return value:  Size  Location     Type
   256 ;;                  1    wreg      void 
   257 ;; Registers used:
   258 ;;		None
   259 ;; Tracked objects:
   260 ;;		On entry : 0/0
   261 ;;		On exit  : 0/0
   262 ;;		Unchanged: 0/0
   263 ;; Data sizes:     COMRAM   BANK0   BANK1   BANK2   BANK3   BANK4   BANK5   BANK6   BANK7
   264 ;;      Params:         0       0       0       0       0       0       0       0       0
   265 ;;      Locals:         0       0       0       0       0       0       0       0       0
   266 ;;      Temps:          0       0       0       0       0       0       0       0       0
   267 ;;      Totals:         0       0       0       0       0       0       0       0       0
   268 ;;Total ram usage:        0 bytes
   269 ;; Hardware stack levels used:    1
   270 ;; Hardware stack levels required when called:    1
   271 ;; This function calls:
   272 ;;		Nothing
   273 ;; This function is called by:
   274 ;;		_main
   275 ;; This function uses a non-reentrant model
   276 ;;
   277                           
   278                           	psect	text2
   279  000126                     __ptext2:
   280                           	opt stack 0
   281  000126                     _InterruptConfig:
   282                           	opt stack 29
   283                           
   284                           ;p3_interrupt.c: 57: RCONbits.IPEN = 1;
   285                           
   286                           ;incstack = 0
   287  000126  8ED0               	bsf	4048,7,c	;volatile
   288                           
   289                           ;p3_interrupt.c: 59: INTCONbits.TMR0IE = 1;
   290  000128  8AF2               	bsf	intcon,5,c	;volatile
   291                           
   292                           ;p3_interrupt.c: 61: INTCONbits.TMR0IF = 0;
   293  00012A  94F2               	bcf	intcon,2,c	;volatile
   294                           
   295                           ;p3_interrupt.c: 63: INTCONbits.GIE = 1;
   296  00012C  8EF2               	bsf	intcon,7,c	;volatile
   297  00012E  0012               	return		;funcret
   298  000130                     __end_of_InterruptConfig:
   299                           	opt stack 0
   300                           intcon	equ	0xFF2
   301                           wreg	equ	0xFE8
   302                           
   303 ;; *************** function _IOportsConfig *****************
   304 ;; Defined at:
   305 ;;		line 74 in file "p3_interrupt.c"
   306 ;; Parameters:    Size  Location     Type
   307 ;;		None
   308 ;; Auto vars:     Size  Location     Type
   309 ;;		None
   310 ;; Return value:  Size  Location     Type
   311 ;;                  1    wreg      void 
   312 ;; Registers used:
   313 ;;		wreg, status,2
   314 ;; Tracked objects:
   315 ;;		On entry : 0/0
   316 ;;		On exit  : 0/0
   317 ;;		Unchanged: 0/0
   318 ;; Data sizes:     COMRAM   BANK0   BANK1   BANK2   BANK3   BANK4   BANK5   BANK6   BANK7
   319 ;;      Params:         0       0       0       0       0       0       0       0       0
   320 ;;      Locals:         0       0       0       0       0       0       0       0       0
   321 ;;      Temps:          0       0       0       0       0       0       0       0       0
   322 ;;      Totals:         0       0       0       0       0       0       0       0       0
   323 ;;Total ram usage:        0 bytes
   324 ;; Hardware stack levels used:    1
   325 ;; Hardware stack levels required when called:    1
   326 ;; This function calls:
   327 ;;		Nothing
   328 ;; This function is called by:
   329 ;;		_main
   330 ;; This function uses a non-reentrant model
   331 ;;
   332                           
   333                           	psect	text3
   334  000106                     __ptext3:
   335                           	opt stack 0
   336  000106                     _IOportsConfig:
   337                           	opt stack 29
   338                           
   339                           ;p3_interrupt.c: 76: TRISB = 0x00;
   340                           
   341                           ;incstack = 0
   342  000106  0E00               	movlw	0
   343  000108  6E93               	movwf	3987,c	;volatile
   344                           
   345                           ;p3_interrupt.c: 78: LATB = 0x00;
   346  00010A  0E00               	movlw	0
   347  00010C  6E8A               	movwf	3978,c	;volatile
   348                           
   349                           ;p3_interrupt.c: 80: TRISA = 0x0F;
   350  00010E  0E0F               	movlw	15
   351  000110  6E92               	movwf	3986,c	;volatile
   352                           
   353                           ;p3_interrupt.c: 82: ADCON1 = 0x0F;
   354  000112  0E0F               	movlw	15
   355  000114  6EC1               	movwf	4033,c	;volatile
   356  000116  0012               	return		;funcret
   357  000118                     __end_of_IOportsConfig:
   358                           	opt stack 0
   359                           intcon	equ	0xFF2
   360                           wreg	equ	0xFE8
   361                           
   362 ;; *************** function _Interrupcion *****************
   363 ;; Defined at:
   364 ;;		line 85 in file "p3_interrupt.c"
   365 ;; Parameters:    Size  Location     Type
   366 ;;		None
   367 ;; Auto vars:     Size  Location     Type
   368 ;;		None
   369 ;; Return value:  Size  Location     Type
   370 ;;                  1    wreg      void 
   371 ;; Registers used:
   372 ;;		wreg, status,2, status,0
   373 ;; Tracked objects:
   374 ;;		On entry : 0/0
   375 ;;		On exit  : 0/0
   376 ;;		Unchanged: 0/0
   377 ;; Data sizes:     COMRAM   BANK0   BANK1   BANK2   BANK3   BANK4   BANK5   BANK6   BANK7
   378 ;;      Params:         0       0       0       0       0       0       0       0       0
   379 ;;      Locals:         0       0       0       0       0       0       0       0       0
   380 ;;      Temps:         14       0       0       0       0       0       0       0       0
   381 ;;      Totals:        14       0       0       0       0       0       0       0       0
   382 ;;Total ram usage:       14 bytes
   383 ;; Hardware stack levels used:    1
   384 ;; This function calls:
   385 ;;		Nothing
   386 ;; This function is called by:
   387 ;;		Interrupt level 2
   388 ;; This function uses a non-reentrant model
   389 ;;
   390                           
   391                           	psect	intcode
   392  000008                     __pintcode:
   393                           	opt stack 0
   394  000008                     _Interrupcion:
   395                           	opt stack 29
   396                           
   397                           ;incstack = 0
   398  000008  8215               	bsf	btemp,1,c	;set compiler interrupt flag (level 2)
   399  00000A  ED09  F000         	call	int_func,f	;refresh shadow registers
   400                           intcon	equ	0xFF2
   401                           wreg	equ	0xFE8
   402                           
   403                           	psect	intcode_body
   404  000012                     __pintcode_body:
   405                           	opt stack 29
   406  000012                     int_func:
   407                           	opt stack 29
   408  000012  0006               	pop		; remove dummy address from shadow register refresh
   409  000014  CFFA F001          	movff	pclath,??_Interrupcion
   410  000018  CFFB F002          	movff	pclatu,??_Interrupcion+1
   411  00001C  CFE9 F003          	movff	fsr0l,??_Interrupcion+2
   412  000020  CFEA F004          	movff	fsr0h,??_Interrupcion+3
   413  000024  CFE1 F005          	movff	fsr1l,??_Interrupcion+4
   414  000028  CFE2 F006          	movff	fsr1h,??_Interrupcion+5
   415  00002C  CFD9 F007          	movff	fsr2l,??_Interrupcion+6
   416  000030  CFDA F008          	movff	fsr2h,??_Interrupcion+7
   417  000034  CFF3 F009          	movff	prodl,??_Interrupcion+8
   418  000038  CFF4 F00A          	movff	prodh,??_Interrupcion+9
   419  00003C  CFF6 F00B          	movff	tblptrl,??_Interrupcion+10
   420  000040  CFF7 F00C          	movff	tblptrh,??_Interrupcion+11
   421  000044  CFF8 F00D          	movff	tblptru,??_Interrupcion+12
   422  000048  CFF5 F00E          	movff	tablat,??_Interrupcion+13
   423                           
   424                           ;p3_interrupt.c: 86: contador ++;
   425  00004C  4A13               	infsnz	_contador,f,c
   426  00004E  2A14               	incf	_contador+1,f,c
   427                           
   428                           ;p3_interrupt.c: 87: TMR0IF = 0;
   429  000050  94F2               	bcf	intcon,2,c	;volatile
   430                           
   431                           ;p3_interrupt.c: 88: TMR0 = 68;
   432  000052  0E00               	movlw	0
   433  000054  6ED7               	movwf	4055,c	;volatile
   434  000056  0E44               	movlw	68
   435  000058  6ED6               	movwf	4054,c	;volatile
   436                           
   437                           ;p3_interrupt.c: 89: if(contador >= 1000){
   438  00005A  BE14               	btfsc	_contador+1,7,c
   439  00005C  D00F               	goto	i2l58
   440  00005E  0EE8               	movlw	232
   441  000060  5C13               	subwf	_contador,w,c
   442  000062  0E03               	movlw	3
   443  000064  5814               	subwfb	_contador+1,w,c
   444  000066  A0D8               	btfss	status,0,c
   445  000068  D009               	goto	i2l58
   446                           
   447                           ;p3_interrupt.c: 90: contador = 0;
   448  00006A  0E00               	movlw	0
   449  00006C  6E14               	movwf	_contador+1,c
   450  00006E  0E00               	movlw	0
   451  000070  6E13               	movwf	_contador,c
   452                           
   453                           ;p3_interrupt.c: 91: LATB += 1;
   454  000072  2A8A               	incf	3978,f,c	;volatile
   455                           
   456                           ;p3_interrupt.c: 92: if(LATBbits.LATB3)
   457  000074  A68A               	btfss	3978,3,c	;volatile
   458  000076  D002               	goto	i2l58
   459                           
   460                           ;p3_interrupt.c: 93: LATB = 0;
   461  000078  0E00               	movlw	0
   462  00007A  6E8A               	movwf	3978,c	;volatile
   463  00007C                     i2l58:
   464  00007C  C00E  FFF5         	movff	??_Interrupcion+13,tablat
   465  000080  C00D  FFF8         	movff	??_Interrupcion+12,tblptru
   466  000084  C00C  FFF7         	movff	??_Interrupcion+11,tblptrh
   467  000088  C00B  FFF6         	movff	??_Interrupcion+10,tblptrl
   468  00008C  C00A  FFF4         	movff	??_Interrupcion+9,prodh
   469  000090  C009  FFF3         	movff	??_Interrupcion+8,prodl
   470  000094  C008  FFDA         	movff	??_Interrupcion+7,fsr2h
   471  000098  C007  FFD9         	movff	??_Interrupcion+6,fsr2l
   472  00009C  C006  FFE2         	movff	??_Interrupcion+5,fsr1h
   473  0000A0  C005  FFE1         	movff	??_Interrupcion+4,fsr1l
   474  0000A4  C004  FFEA         	movff	??_Interrupcion+3,fsr0h
   475  0000A8  C003  FFE9         	movff	??_Interrupcion+2,fsr0l
   476  0000AC  C002  FFFB         	movff	??_Interrupcion+1,pclatu
   477  0000B0  C001  FFFA         	movff	??_Interrupcion,pclath
   478  0000B4  9215               	bcf	btemp,1,c	;clear compiler interrupt flag (level 2)
   479  0000B6  0011               	retfie		f
   480  0000B8                     __end_of_Interrupcion:
   481                           	opt stack 0
   482  0000                     pclatu	equ	0xFFB
   483                           pclath	equ	0xFFA
   484                           tblptru	equ	0xFF8
   485                           tblptrh	equ	0xFF7
   486                           tblptrl	equ	0xFF6
   487                           tablat	equ	0xFF5
   488                           prodh	equ	0xFF4
   489                           prodl	equ	0xFF3
   490                           intcon	equ	0xFF2
   491                           fsr0h	equ	0xFEA
   492                           fsr0l	equ	0xFE9
   493                           wreg	equ	0xFE8
   494                           fsr1h	equ	0xFE2
   495                           fsr1l	equ	0xFE1
   496                           fsr2h	equ	0xFDA
   497                           fsr2l	equ	0xFD9
   498                           status	equ	0xFD8
   499                           pclatu	equ	0xFFB
   500                           pclath	equ	0xFFA
   501                           tblptru	equ	0xFF8
   502                           tblptrh	equ	0xFF7
   503                           tblptrl	equ	0xFF6
   504                           tablat	equ	0xFF5
   505                           prodh	equ	0xFF4
   506                           prodl	equ	0xFF3
   507                           intcon	equ	0xFF2
   508                           fsr0h	equ	0xFEA
   509                           fsr0l	equ	0xFE9
   510                           wreg	equ	0xFE8
   511                           fsr1h	equ	0xFE2
   512                           fsr1l	equ	0xFE1
   513                           fsr2h	equ	0xFDA
   514                           fsr2l	equ	0xFD9
   515                           status	equ	0xFD8
   516                           
   517                           	psect	rparam
   518  0000                     pclatu	equ	0xFFB
   519                           pclath	equ	0xFFA
   520                           tblptru	equ	0xFF8
   521                           tblptrh	equ	0xFF7
   522                           tblptrl	equ	0xFF6
   523                           tablat	equ	0xFF5
   524                           prodh	equ	0xFF4
   525                           prodl	equ	0xFF3
   526                           intcon	equ	0xFF2
   527                           fsr0h	equ	0xFEA
   528                           fsr0l	equ	0xFE9
   529                           wreg	equ	0xFE8
   530                           fsr1h	equ	0xFE2
   531                           fsr1l	equ	0xFE1
   532                           fsr2h	equ	0xFDA
   533                           fsr2l	equ	0xFD9
   534                           status	equ	0xFD8
   535                           
   536                           	psect	temp
   537  000015                     btemp:
   538                           	opt stack 0
   539  000015                     	ds	1
   540  0000                     int$flags	set	btemp
   541                           pclatu	equ	0xFFB
   542                           pclath	equ	0xFFA
   543                           tblptru	equ	0xFF8
   544                           tblptrh	equ	0xFF7
   545                           tblptrl	equ	0xFF6
   546                           tablat	equ	0xFF5
   547                           prodh	equ	0xFF4
   548                           prodl	equ	0xFF3
   549                           intcon	equ	0xFF2
   550                           fsr0h	equ	0xFEA
   551                           fsr0l	equ	0xFE9
   552                           wreg	equ	0xFE8
   553                           fsr1h	equ	0xFE2
   554                           fsr1l	equ	0xFE1
   555                           fsr2h	equ	0xFDA
   556                           fsr2l	equ	0xFD9
   557                           status	equ	0xFD8


Data Sizes:
    Strings     0
    Constant    0
    Data        0
    BSS         4
    Persistent  0
    Stack       0

Auto Spaces:
    Space          Size  Autos    Used
    COMRAM           94     16      20
    BANK0           160      0       0
    BANK1           256      0       0
    BANK2           256      0       0
    BANK3           256      0       0
    BANK4           256      0       0
    BANK5           256      0       0
    BANK6           256      0       0
    BANK7           256      0       0

Pointer List with Targets:

    None.

Critical Paths under _main in COMRAM

    None.

Critical Paths under _Interrupcion in COMRAM

    None.

Critical Paths under _main in BANK0

    None.

Critical Paths under _Interrupcion in BANK0

    None.

Critical Paths under _main in BANK1

    None.

Critical Paths under _Interrupcion in BANK1

    None.

Critical Paths under _main in BANK2

    None.

Critical Paths under _Interrupcion in BANK2

    None.

Critical Paths under _main in BANK3

    None.

Critical Paths under _Interrupcion in BANK3

    None.

Critical Paths under _main in BANK4

    None.

Critical Paths under _Interrupcion in BANK4

    None.

Critical Paths under _main in BANK5

    None.

Critical Paths under _Interrupcion in BANK5

    None.

Critical Paths under _main in BANK6

    None.

Critical Paths under _Interrupcion in BANK6

    None.

Critical Paths under _main in BANK7

    None.

Critical Paths under _Interrupcion in BANK7

    None.

Call Graph Tables:

 ---------------------------------------------------------------------------------
 (Depth) Function   	        Calls       Base Space   Used Autos Params    Refs
 ---------------------------------------------------------------------------------
 (0) _main                                                 2     2      0       0
                                             14 COMRAM     2     2      0
                      _IOportsConfig
                    _InterruptConfig
                       _Timer0Config
 ---------------------------------------------------------------------------------
 (1) _Timer0Config                                         0     0      0       0
 ---------------------------------------------------------------------------------
 (1) _InterruptConfig                                      0     0      0       0
 ---------------------------------------------------------------------------------
 (1) _IOportsConfig                                        0     0      0       0
 ---------------------------------------------------------------------------------
 Estimated maximum stack depth 1
 ---------------------------------------------------------------------------------
 (Depth) Function   	        Calls       Base Space   Used Autos Params    Refs
 ---------------------------------------------------------------------------------
 (2) _Interrupcion                                        14    14      0       0
                                              0 COMRAM    14    14      0
 ---------------------------------------------------------------------------------
 Estimated maximum stack depth 2
 ---------------------------------------------------------------------------------

 Call Graph Graphs:

 _main (ROOT)
   _IOportsConfig
   _InterruptConfig
   _Timer0Config

 _Interrupcion (ROOT)

 Address spaces:
Name               Size   Autos  Total    Cost      Usage
BIGRAM             7FF      0       0      21        0.0%
EEDATA             100      0       0       0        0.0%
BITBANK7           100      0       0      18        0.0%
BANK7              100      0       0      19        0.0%
BITBANK6           100      0       0      16        0.0%
BANK6              100      0       0      17        0.0%
BITBANK5           100      0       0      14        0.0%
BANK5              100      0       0      15        0.0%
BITBANK4           100      0       0      12        0.0%
BANK4              100      0       0      13        0.0%
BITBANK3           100      0       0      10        0.0%
BANK3              100      0       0      11        0.0%
BITBANK2           100      0       0       8        0.0%
BANK2              100      0       0       9        0.0%
BITBANK1           100      0       0       6        0.0%
BANK1              100      0       0       7        0.0%
BITBANK0            A0      0       0       4        0.0%
BANK0               A0      0       0       5        0.0%
BITCOMRAM           5E      0       0       0        0.0%
COMRAM              5E     10      14       1       21.3%
BITSFR               0      0       0     200        0.0%
SFR                  0      0       0     200        0.0%
STACK                0      0       0       2        0.0%
NULL                 0      0       0       0        0.0%
ABS                  0      0      14      20        0.0%
DATA                 0      0      14       3        0.0%
CODE                 0      0       0       0        0.0%


Microchip Technology PIC18 Macro Assembler V1.42 build -159332390 
Symbol Table                                                                                   Wed Aug 16 23:13:42 2017

                      u10 00CE                        u28 00D0                        u57 00E6  
                     l690 00C4                       wreg 000FE8                      _LATB 000F8A  
                    i2l58 007C                      _TMR0 000FD6                      _main 00B8  
                    fsr0h 000FEA                      fsr1h 000FE2                      fsr2h 000FDA  
                    fsr0l 000FE9                      fsr1l 000FE1                      fsr2l 000FD9  
                    btemp 0015                      prodh 000FF4                      prodl 000FF3  
                    start 000E             __CFG_IESO$OFF 000000              ___param_bank 000000  
           __CFG_PLLDIV$5 000000                     ?_main 0001                     _T0CON 000FD5  
                   _TRISA 000F92                     _TRISB 000F93                     pclath 000FFA  
                   tablat 000FF5                     status 000FD8            __CFG_MCLRE$OFF 000000  
         __initialization 00F4              __end_of_main 00F4                    ??_main 000F  
           __activetblptr 000000    __size_of_IOportsConfig 0012                    _ADCON1 000FC1  
                  _TMR0IF 007F92             ?_Interrupcion 0001                    tblptrh 000FF7  
                  tblptrl 000FF6                    tblptru 000FF8           _InterruptConfig 0126  
          ??_Interrupcion 0001                __accesstop 0060   __end_of__initialization 00FC  
           ___rparam_used 000001             _IOportsConfig 0106            __pcstackCOMRAM 0001  
           ?_Timer0Config 0001            ?_IOportsConfig 0001   __end_of_InterruptConfig 0130  
          ??_Timer0Config 000F                   __Hparam 0000                   __Lparam 0000  
                 __pcinit 00F4                   __ramtop 0800                   __ptext0 00B8  
                 __ptext1 0118                   __ptext2 0126                   __ptext3 0106  
    __end_of_Interrupcion 00B8            __pintcode_body 0012      end_of_initialization 00FC  
         ??_IOportsConfig 000F                   int_func 0012                 _PORTBbits 000F81  
        ?_InterruptConfig 0001      __end_of_Timer0Config 0126       start_initialization 00F4  
   __size_of_Interrupcion 00B0               __pbssCOMRAM 0011              _Interrupcion 0008  
               __pintcode 0008                 _contador1 0011                  _LATBbits 000F8A  
                _RCONbits 000FD0     __size_of_Timer0Config 000E              _Timer0Config 0118  
   __end_of_IOportsConfig 0118                  __Hrparam 0000                  __Lrparam 0000  
                _contador 0013  __size_of_InterruptConfig 000A             __size_of_main 003C  
                int$flags 0015     __CFG_CPUDIV$OSC1_PLL2 000000                _INTCONbits 000FF2  
                intlevel2 0000        __CFG_FOSC$HSPLL_HS 000000         ??_InterruptConfig 000F  
