

Microchip Technology PIC18 LITE Macro Assembler V1.42 build -159332390 
                                                                                               Sun Jun 24 09:23:13 2018

Microchip Technology Omniscient Code Generator v1.42 (Free mode) build 201704130522
     1                           	processor	18F4550
     2                           	fnconf	rparam,??,?,0
     3                           	opt	pw 120
     4                           	opt	lm
     5                           	psect	cinit,global,reloc=2,class=CODE,delta=1
     6                           	psect	cstackCOMRAM,global,class=COMRAM,space=1,delta=1,noexec
     7                           	psect	text0,global,reloc=2,class=CODE,delta=1
     8                           	psect	text1,global,reloc=2,class=CODE,delta=1
     9                           	psect	intsave_regs,global,class=BIGRAM,space=1,delta=1,noexec
    10                           	psect	rparam,global,class=COMRAM,space=1,delta=1,noexec
    11  0000                     
    12                           ; Version 1.42
    13                           ; Generated 13/04/2017 GMT
    14                           ; 
    15                           ; Copyright © 2017, Microchip Technology Inc. and its subsidiaries ("Microchip")
    16                           ; All rights reserved.
    17                           ; 
    18                           ; This software is developed by Microchip Technology Inc. and its subsidiaries ("Microch
      +                          ip").
    19                           ; 
    20                           ; Redistribution and use in source and binary forms, with or without modification, are
    21                           ; permitted provided that the following conditions are met:
    22                           ; 
    23                           ;     1. Redistributions of source code must retain the above copyright notice, this lis
      +                          t of
    24                           ;        conditions and the following disclaimer.
    25                           ; 
    26                           ;     2. Redistributions in binary form must reproduce the above copyright notice, this 
      +                          list
    27                           ;        of conditions and the following disclaimer in the documentation and/or other
    28                           ;        materials provided with the distribution.
    29                           ; 
    30                           ;     3. Microchip's name may not be used to endorse or promote products derived from th
      +                          is
    31                           ;        software without specific prior written permission.
    32                           ; 
    33                           ; THIS SOFTWARE IS PROVIDED BY MICROCHIP "AS IS" AND ANY EXPRESS OR IMPLIED WARRANTIES,
    34                           ; INCLUDING, BUT NOT LIMITED TO, THE IMPLIED WARRANTIES OF MERCHANTABILITY AND FITNESS F
      +                          OR
    35                           ; PURPOSE ARE DISCLAIMED.  IN NO EVENT SHALL MICROCHIP BE LIABLE FOR ANY DIRECT, INDIREC
      +                          T,
    36                           ; INCIDENTAL, SPECIAL, EXEMPLARY, OR CONSEQUENTIAL DAMAGES (INCLUDING BUT NOT LIMITED TO
    37                           ; PROCUREMENT OF SUBSTITUTE GOODS OR SERVICES; LOSS OF USE, DATA OR PROFITS; OR BUSINESS
    38                           ; INTERRUPTION) HOWSOEVER CAUSED AND ON ANY THEORY OF LIABILITY, WHETHER IN CONTRACT, ST
      +                          RICT
    39                           ; LIABILITY, OR TORT (INCLUDING NEGLIGENCE OR OTHERWISE) ARISING IN ANY WAY OUT OF THE U
      +                          SE OF
    40                           ; THIS SOFTWARE, EVEN IF ADVISED OF THE POSSIBILITY OF SUCH DAMAGE.
    41                           ; 
    42                           ; 
    43                           ; Code-generator required, PIC18F4550 Definitions
    44                           ; 
    45                           ; SFR Addresses
    46  0000                     _T2CON	set	4042
    47  0000                     _CCP2CON	set	4026
    48  0000                     _CCPR2L	set	4027
    49  0000                     _PR2	set	4043
    50  0000                     _LATC	set	3979
    51  0000                     _TRISC	set	3988
    52                           
    53                           ; #config settings
    54  0000                     
    55                           	psect	cinit
    56  007FD8                     __pcinit:
    57                           	opt stack 0
    58  007FD8                     start_initialization:
    59                           	opt stack 0
    60  007FD8                     __initialization:
    61                           	opt stack 0
    62  007FD8                     end_of_initialization:
    63                           	opt stack 0
    64  007FD8                     __end_of__initialization:
    65                           	opt stack 0
    66  007FD8  0100               	movlb	0
    67  007FDA  EFEF  F03F         	goto	_main	;jump to C main() function
    68                           
    69                           	psect	cstackCOMRAM
    70  000000                     __pcstackCOMRAM:
    71                           	opt stack 0
    72  000000                     
    73                           ; 1 bytes @ 0x0
    74 ;;
    75 ;;Main: autosize = 0, tempsize = 0, incstack = 0, save=0
    76 ;;
    77 ;; *************** function _main *****************
    78 ;; Defined at:
    79 ;;		line 89 in file "p9_pwm.c"
    80 ;; Parameters:    Size  Location     Type
    81 ;;		None
    82 ;; Auto vars:     Size  Location     Type
    83 ;;		None
    84 ;; Return value:  Size  Location     Type
    85 ;;                  1    wreg      void 
    86 ;; Registers used:
    87 ;;		wreg, status,2, cstack
    88 ;; Tracked objects:
    89 ;;		On entry : 0/0
    90 ;;		On exit  : 0/0
    91 ;;		Unchanged: 0/0
    92 ;; Data sizes:     COMRAM   BANK0   BANK1   BANK2   BANK3   BANK4   BANK5   BANK6   BANK7
    93 ;;      Params:         0       0       0       0       0       0       0       0       0
    94 ;;      Locals:         0       0       0       0       0       0       0       0       0
    95 ;;      Temps:          0       0       0       0       0       0       0       0       0
    96 ;;      Totals:         0       0       0       0       0       0       0       0       0
    97 ;;Total ram usage:        0 bytes
    98 ;; Hardware stack levels required when called:    1
    99 ;; This function calls:
   100 ;;		_ConfigInit
   101 ;; This function is called by:
   102 ;;		Startup code after reset
   103 ;; This function uses a non-reentrant model
   104 ;;
   105                           
   106                           	psect	text0
   107  007FDE                     __ptext0:
   108                           	opt stack 0
   109  007FDE                     _main:
   110                           	opt stack 30
   111                           
   112                           ;p9_pwm.c: 90: ConfigInit();
   113                           
   114                           ;incstack = 0
   115  007FDE  ECF3  F03F         	call	_ConfigInit	;wreg free
   116                           
   117                           ;p9_pwm.c: 91: return;
   118  007FE2  EF00  F000         	goto	start
   119  007FE6                     __end_of_main:
   120                           	opt stack 0
   121                           
   122 ;; *************** function _ConfigInit *****************
   123 ;; Defined at:
   124 ;;		line 75 in file "p9_pwm.c"
   125 ;; Parameters:    Size  Location     Type
   126 ;;		None
   127 ;; Auto vars:     Size  Location     Type
   128 ;;		None
   129 ;; Return value:  Size  Location     Type
   130 ;;                  1    wreg      void 
   131 ;; Registers used:
   132 ;;		wreg, status,2
   133 ;; Tracked objects:
   134 ;;		On entry : 0/0
   135 ;;		On exit  : 0/0
   136 ;;		Unchanged: 0/0
   137 ;; Data sizes:     COMRAM   BANK0   BANK1   BANK2   BANK3   BANK4   BANK5   BANK6   BANK7
   138 ;;      Params:         0       0       0       0       0       0       0       0       0
   139 ;;      Locals:         0       0       0       0       0       0       0       0       0
   140 ;;      Temps:          0       0       0       0       0       0       0       0       0
   141 ;;      Totals:         0       0       0       0       0       0       0       0       0
   142 ;;Total ram usage:        0 bytes
   143 ;; Hardware stack levels used:    1
   144 ;; This function calls:
   145 ;;		Nothing
   146 ;; This function is called by:
   147 ;;		_main
   148 ;; This function uses a non-reentrant model
   149 ;;
   150                           
   151                           	psect	text1
   152  007FE6                     __ptext1:
   153                           	opt stack 0
   154  007FE6                     _ConfigInit:
   155                           	opt stack 30
   156                           
   157                           ;p9_pwm.c: 78: TRISC = 0;
   158                           
   159                           ;incstack = 0
   160  007FE6  0E00               	movlw	0
   161  007FE8  6E94               	movwf	3988,c	;volatile
   162                           
   163                           ;p9_pwm.c: 79: LATC = 0;
   164  007FEA  0E00               	movlw	0
   165  007FEC  6E8B               	movwf	3979,c	;volatile
   166                           
   167                           ;p9_pwm.c: 81: PR2 = 0xF9;
   168  007FEE  0EF9               	movlw	249
   169  007FF0  6ECB               	movwf	4043,c	;volatile
   170                           
   171                           ;p9_pwm.c: 82: CCPR2L = 0b00001100;
   172  007FF2  0E0C               	movlw	12
   173  007FF4  6EBB               	movwf	4027,c	;volatile
   174                           
   175                           ;p9_pwm.c: 83: CCP2CON = 0b00101100;
   176  007FF6  0E2C               	movlw	44
   177  007FF8  6EBA               	movwf	4026,c	;volatile
   178                           
   179                           ;p9_pwm.c: 84: T2CON = 0b00000111;
   180  007FFA  0E07               	movlw	7
   181  007FFC  6ECA               	movwf	4042,c	;volatile
   182  007FFE  0012               	return		;funcret
   183  008000                     __end_of_ConfigInit:
   184                           	opt stack 0
   185  0000                     
   186                           	psect	rparam


Data Sizes:
    Strings     0
    Constant    0
    Data        0
    BSS         0
    Persistent  0
    Stack       0

Auto Spaces:
    Space          Size  Autos    Used
    COMRAM           95      0       0
    BANK0           160      0       0
    BANK1           256      0       0
    BANK2           256      0       0
    BANK3           256      0       0
    BANK4           256      0       0
    BANK5           256      0       0
    BANK6           256      0       0
    BANK7           256      0       0

Pointer List with Targets:

    None.

Critical Paths under _main in COMRAM

    None.

Critical Paths under _main in BANK0

    None.

Critical Paths under _main in BANK1

    None.

Critical Paths under _main in BANK2

    None.

Critical Paths under _main in BANK3

    None.

Critical Paths under _main in BANK4

    None.

Critical Paths under _main in BANK5

    None.

Critical Paths under _main in BANK6

    None.

Critical Paths under _main in BANK7

    None.

Call Graph Tables:

 ---------------------------------------------------------------------------------
 (Depth) Function   	        Calls       Base Space   Used Autos Params    Refs
 ---------------------------------------------------------------------------------
 (0) _main                                                 0     0      0       0
                         _ConfigInit
 ---------------------------------------------------------------------------------
 (1) _ConfigInit                                           0     0      0       0
 ---------------------------------------------------------------------------------
 Estimated maximum stack depth 1
 ---------------------------------------------------------------------------------

 Call Graph Graphs:

 _main (ROOT)
   _ConfigInit

 Address spaces:
Name               Size   Autos  Total    Cost      Usage
BITCOMRAM           5F      0       0       0        0.0%
EEDATA             100      0       0       0        0.0%
NULL                 0      0       0       0        0.0%
CODE                 0      0       0       0        0.0%
COMRAM              5F      0       0       1        0.0%
STACK                0      0       0       2        0.0%
DATA                 0      0       0       3        0.0%
BITBANK0            A0      0       0       4        0.0%
BANK0               A0      0       0       5        0.0%
BITBANK1           100      0       0       6        0.0%
BANK1              100      0       0       7        0.0%
BITBANK2           100      0       0       8        0.0%
BANK2              100      0       0       9        0.0%
BITBANK3           100      0       0      10        0.0%
BANK3              100      0       0      11        0.0%
BITBANK4           100      0       0      12        0.0%
BANK4              100      0       0      13        0.0%
BITBANK5           100      0       0      14        0.0%
BANK5              100      0       0      15        0.0%
BITBANK6           100      0       0      16        0.0%
BANK6              100      0       0      17        0.0%
BITBANK7           100      0       0      18        0.0%
BANK7              100      0       0      19        0.0%
ABS                  0      0       0      20        0.0%
BIGRAM             7FF      0       0      21        0.0%
BITSFR               0      0       0     200        0.0%
SFR                  0      0       0     200        0.0%


Microchip Technology PIC18 Macro Assembler V1.42 build -159332390 
Symbol Table                                                                                   Sun Jun 24 09:23:13 2018

            __CFG_BOR$ON 000000              __CFG_BORV$3 000000             __CFG_CP0$OFF 000000  
           __CFG_CP1$OFF 000000             __CFG_CP2$OFF 000000             __CFG_CP3$OFF 000000  
            __CFG_LVP$ON 000000              __CFG_WDT$ON 000000             __CFG_CPB$OFF 000000  
                    _PR2 000FCB             __CFG_CPD$OFF 000000                     _LATC 000F8B  
                   _main 7FDE                     start 0000            __CFG_IESO$OFF 000000  
           ___param_bank 000000            __CFG_PLLDIV$5 000000           __CFG_CCP2MX$ON 000000  
                  ?_main 0000                    _T2CON 000FCA               _ConfigInit 7FE6  
          __CFG_USBDIV$1 000000                    _TRISC 000F94            __CFG_PWRT$OFF 000000  
          __CFG_WRT0$OFF 000000            __CFG_WRT1$OFF 000000            __CFG_WRT2$OFF 000000  
          __CFG_WRT3$OFF 000000           __CFG_EBTR0$OFF 000000           __CFG_FCMEN$OFF 000000  
         __CFG_EBTR1$OFF 000000           __CFG_EBTR2$OFF 000000           __CFG_EBTR3$OFF 000000  
          __CFG_WRTB$OFF 000000            __CFG_WRTC$OFF 000000            __CFG_WRTD$OFF 000000  
         __CFG_EBTRB$OFF 000000           __CFG_ICPRT$OFF 000000           __CFG_PBADEN$ON 000000  
         __CFG_MCLRE$OFF 000000          __initialization 7FD8             __end_of_main 7FE6  
                 ??_main 0000            __activetblptr 000000                   _CCPR2L 000FBB  
         __CFG_XINST$OFF 000000           __CFG_STVREN$ON 000000              ?_ConfigInit 0000  
             __accesstop 0060  __end_of__initialization 7FD8            ___rparam_used 000001  
         __pcstackCOMRAM 0000      __size_of_ConfigInit 001A                  _CCP2CON 000FBA  
        __CFG_VREGEN$OFF 000000                  __Hparam 0000                  __Lparam 0000  
                __pcinit 7FD8                  __ramtop 0800                  __ptext0 7FDE  
                __ptext1 7FE6     end_of_initialization 7FD8             ??_ConfigInit 0000  
     __end_of_ConfigInit 8000      start_initialization 7FD8         __CFG_LPT1OSC$OFF 000000  
       __CFG_WDTPS$32768 000000                 __Hrparam 0000                 __Lrparam 0000  
          __size_of_main 0008    __CFG_CPUDIV$OSC1_PLL2 000000       __CFG_FOSC$HSPLL_HS 000000  
